2020-12-02 16:08:38.974  INFO 40012 --- [restartedMain] com.blog.BlogApplication                 : Starting BlogApplication on U4VATRFZ7P08M83 with PID 40012 (D:\java project\blog\target\classes started by Administrator in D:\java project\blog)
2020-12-02 16:08:38.979 DEBUG 40012 --- [restartedMain] com.blog.BlogApplication                 : Running with Spring Boot v2.1.17.RELEASE, Spring v5.1.18.RELEASE
2020-12-02 16:08:38.979  INFO 40012 --- [restartedMain] com.blog.BlogApplication                 : The following profiles are active: dev
2020-12-02 16:08:39.020  INFO 40012 --- [restartedMain] .e.DevToolsPropertyDefaultsPostProcessor : Devtools property defaults active! Set 'spring.devtools.add-properties' to 'false' to disable
2020-12-02 16:08:39.020  INFO 40012 --- [restartedMain] .e.DevToolsPropertyDefaultsPostProcessor : For additional web related logging consider setting the 'logging.level.web' property to 'DEBUG'
2020-12-02 16:08:39.700  INFO 40012 --- [restartedMain] .s.d.r.c.RepositoryConfigurationDelegate : Bootstrapping Spring Data JPA repositories in DEFAULT mode.
2020-12-02 16:08:39.725  INFO 40012 --- [restartedMain] .s.d.r.c.RepositoryConfigurationDelegate : Finished Spring Data repository scanning in 16ms. Found 0 JPA repository interfaces.
2020-12-02 16:08:40.549  INFO 40012 --- [restartedMain] o.s.b.w.embedded.tomcat.TomcatWebServer  : Tomcat initialized with port(s): 8080 (http)
2020-12-02 16:08:40.571  INFO 40012 --- [restartedMain] o.apache.catalina.core.StandardService   : Starting service [Tomcat]
2020-12-02 16:08:40.572  INFO 40012 --- [restartedMain] org.apache.catalina.core.StandardEngine  : Starting Servlet engine: [Apache Tomcat/9.0.38]
2020-12-02 16:08:40.779  INFO 40012 --- [restartedMain] o.a.c.c.C.[Tomcat].[localhost].[/]       : Initializing Spring embedded WebApplicationContext
2020-12-02 16:08:40.780  INFO 40012 --- [restartedMain] o.s.web.context.ContextLoader            : Root WebApplicationContext: initialization completed in 1758 ms
2020-12-02 16:08:40.831  INFO 40012 --- [restartedMain] c.a.d.s.b.a.DruidDataSourceAutoConfigure : Init DruidDataSource
2020-12-02 16:08:40.928  INFO 40012 --- [restartedMain] com.alibaba.druid.pool.DruidDataSource   : {dataSource-1} inited
2020-12-02 16:08:41.303  INFO 40012 --- [restartedMain] o.hibernate.jpa.internal.util.LogHelper  : HHH000204: Processing PersistenceUnitInfo [
	name: default
	...]
2020-12-02 16:08:41.384  INFO 40012 --- [restartedMain] org.hibernate.Version                    : HHH000412: Hibernate Core {5.3.17.Final}
2020-12-02 16:08:41.386  INFO 40012 --- [restartedMain] org.hibernate.cfg.Environment            : HHH000206: hibernate.properties not found
2020-12-02 16:08:41.529  INFO 40012 --- [restartedMain] o.hibernate.annotations.common.Version   : HCANN000001: Hibernate Commons Annotations {5.0.4.Final}
2020-12-02 16:08:41.706  INFO 40012 --- [restartedMain] org.hibernate.dialect.Dialect            : HHH000400: Using dialect: org.hibernate.dialect.MySQL5Dialect
2020-12-02 16:08:43.159  INFO 40012 --- [restartedMain] j.LocalContainerEntityManagerFactoryBean : Initialized JPA EntityManagerFactory for persistence unit 'default'
2020-12-02 16:08:43.214  INFO 40012 --- [restartedMain] o.s.b.d.a.OptionalLiveReloadServer       : LiveReload server is running on port 35729
2020-12-02 16:08:43.745  INFO 40012 --- [restartedMain] o.s.s.concurrent.ThreadPoolTaskExecutor  : Initializing ExecutorService 'applicationTaskExecutor'
2020-12-02 16:08:43.835  INFO 40012 --- [restartedMain] o.s.b.a.w.s.WelcomePageHandlerMapping    : Adding welcome page template: index
2020-12-02 16:08:44.194  INFO 40012 --- [restartedMain] o.s.b.w.embedded.tomcat.TomcatWebServer  : Tomcat started on port(s): 8080 (http) with context path ''
2020-12-02 16:08:44.194  INFO 40012 --- [restartedMain] com.blog.BlogApplication                 : Started BlogApplication in 5.531 seconds (JVM running for 9.484)
2020-12-02 16:14:10.054  INFO 40012 --- [http-nio-8080-exec-1] o.apache.tomcat.util.http.parser.Cookie  : A cookie header was received [1604887706; Idea-d1852ee0=aac67126-dc74-4043-b925-f20931288f7b] that contained an invalid cookie. That cookie will be ignored.
 Note: further occurrences of this error will be logged at DEBUG level.
2020-12-02 16:14:10.060  INFO 40012 --- [http-nio-8080-exec-1] o.a.c.c.C.[Tomcat].[localhost].[/]       : Initializing Spring DispatcherServlet 'dispatcherServlet'
2020-12-02 16:14:10.060  INFO 40012 --- [http-nio-8080-exec-1] o.s.web.servlet.DispatcherServlet        : Initializing Servlet 'dispatcherServlet'
2020-12-02 16:14:10.072  INFO 40012 --- [http-nio-8080-exec-1] o.s.web.servlet.DispatcherServlet        : Completed initialization in 12 ms
2020-12-02 16:14:10.101  INFO 40012 --- [http-nio-8080-exec-1] com.blog.aspect.LogAspect                : RequestLog{url='/', ip='0:0:0:0:0:0:0:1', classMethod='com.blog.web.IndexController.index', args=[1, 6, {}]}
2020-12-02 16:14:10.152 ERROR 40012 --- [http-nio-8080-exec-1] c.a.druid.pool.DruidAbstractDataSource   : discard long time none received connection. , jdbcUrl : jdbc:mysql://localhost:3306/blog-dev?serverTimezone=GMT%2B8&useSSL=false&useUnicode=true&characterEncoding=utf-8, jdbcUrl : jdbc:mysql://localhost:3306/blog-dev?serverTimezone=GMT%2B8&useSSL=false&useUnicode=true&characterEncoding=utf-8, lastPacketReceivedIdleMillis : 326986
2020-12-02 16:14:10.160 DEBUG 40012 --- [http-nio-8080-exec-1] c.b.dao.BlogMapper.listAllBlogs_COUNT    : ==>  Preparing: SELECT count(0) FROM t_blog tb LEFT JOIN t_type tt ON tb.type_id = tt.id LEFT JOIN t_user tu ON tb.user_id = tu.id
2020-12-02 16:14:10.173 DEBUG 40012 --- [http-nio-8080-exec-1] c.b.dao.BlogMapper.listAllBlogs_COUNT    : ==> Parameters: 
2020-12-02 16:14:10.184 DEBUG 40012 --- [http-nio-8080-exec-1] c.b.dao.BlogMapper.listAllBlogs_COUNT    : <==      Total: 1
2020-12-02 16:14:10.186 DEBUG 40012 --- [http-nio-8080-exec-1] com.blog.dao.BlogMapper.listAllBlogs     : ==>  Preparing: SELECT tb.id blogId, tb.title, tb.flag, tb.content, tb.first_picture, tb.description, tb.update_time, tb.create_time, tb.appreciation, tb.commentable, tb.recommend, tb.published, tb.share_statement, tb.views, tt.id typeId, tt.name typename, tu.id userId, tu.nickname, tu.avatar FROM t_blog tb LEFT JOIN t_type tt ON tb.type_id = tt.id LEFT JOIN t_user tu ON tb.user_id = tu.id order by tb.update_time desc LIMIT ?
2020-12-02 16:14:10.187 DEBUG 40012 --- [http-nio-8080-exec-1] com.blog.dao.BlogMapper.listAllBlogs     : ==> Parameters: 6(Integer)
2020-12-02 16:14:10.192 DEBUG 40012 --- [http-nio-8080-exec-1] com.blog.dao.BlogMapper.listAllBlogs     : <==      Total: 6
2020-12-02 16:14:10.196 DEBUG 40012 --- [http-nio-8080-exec-1] c.blog.dao.TypeMapper.listTypeTop_COUNT  : ==>  Preparing: SELECT count(0) FROM (SELECT tt.*, count(tb.id) blogsCount FROM t_type tt JOIN t_blog tb ON tb.type_id = tt.id WHERE tb.published GROUP BY tt.id) table_count
2020-12-02 16:14:10.197 DEBUG 40012 --- [http-nio-8080-exec-1] c.blog.dao.TypeMapper.listTypeTop_COUNT  : ==> Parameters: 
2020-12-02 16:14:10.198 DEBUG 40012 --- [http-nio-8080-exec-1] c.blog.dao.TypeMapper.listTypeTop_COUNT  : <==      Total: 1
2020-12-02 16:14:10.199 DEBUG 40012 --- [http-nio-8080-exec-1] com.blog.dao.TypeMapper.listTypeTop      : ==>  Preparing: SELECT tt.*, count(tb.id) blogsCount FROM t_type tt JOIN t_blog tb ON tb.type_id = tt.id WHERE tb.published GROUP BY tt.id order by blogsCount desc LIMIT ?
2020-12-02 16:14:10.199 DEBUG 40012 --- [http-nio-8080-exec-1] com.blog.dao.TypeMapper.listTypeTop      : ==> Parameters: 6(Integer)
2020-12-02 16:14:10.200 DEBUG 40012 --- [http-nio-8080-exec-1] com.blog.dao.TypeMapper.listTypeTop      : <==      Total: 2
2020-12-02 16:14:10.204 DEBUG 40012 --- [http-nio-8080-exec-1] com.blog.dao.TagMapper.listTagTop_COUNT  : ==>  Preparing: SELECT count(0) FROM (SELECT tt.*, count(tb.id) blogsCount FROM t_tag tt LEFT JOIN t_blog_tags ttt ON ttt.tags_id = tt.id LEFT JOIN t_blog tb ON tb.id = ttt.blogs_id WHERE tb.published GROUP BY tt.id) table_count
2020-12-02 16:14:10.205 DEBUG 40012 --- [http-nio-8080-exec-1] com.blog.dao.TagMapper.listTagTop_COUNT  : ==> Parameters: 
2020-12-02 16:14:10.207 DEBUG 40012 --- [http-nio-8080-exec-1] com.blog.dao.TagMapper.listTagTop_COUNT  : <==      Total: 1
2020-12-02 16:14:10.209 DEBUG 40012 --- [http-nio-8080-exec-1] com.blog.dao.TagMapper.listTagTop        : ==>  Preparing: SELECT tt.*, count(tb.id) blogsCount FROM t_tag tt LEFT JOIN t_blog_tags ttt ON ttt.tags_id = tt.id LEFT JOIN t_blog tb ON tb.id = ttt.blogs_id WHERE tb.published GROUP BY tt.id order by blogsCount desc LIMIT ?
2020-12-02 16:14:10.209 DEBUG 40012 --- [http-nio-8080-exec-1] com.blog.dao.TagMapper.listTagTop        : ==> Parameters: 6(Integer)
2020-12-02 16:14:10.210 DEBUG 40012 --- [http-nio-8080-exec-1] com.blog.dao.TagMapper.listTagTop        : <==      Total: 4
2020-12-02 16:14:10.211 DEBUG 40012 --- [http-nio-8080-exec-1] c.blog.dao.BlogMapper.listBlogTop_COUNT  : ==>  Preparing: SELECT count(0) FROM t_blog WHERE recommend = true
2020-12-02 16:14:10.212 DEBUG 40012 --- [http-nio-8080-exec-1] c.blog.dao.BlogMapper.listBlogTop_COUNT  : ==> Parameters: 
2020-12-02 16:14:10.212 DEBUG 40012 --- [http-nio-8080-exec-1] c.blog.dao.BlogMapper.listBlogTop_COUNT  : <==      Total: 1
2020-12-02 16:14:10.213 DEBUG 40012 --- [http-nio-8080-exec-1] com.blog.dao.BlogMapper.listBlogTop      : ==>  Preparing: SELECT * FROM t_blog WHERE recommend = true order by update_time desc LIMIT ?
2020-12-02 16:14:10.213 DEBUG 40012 --- [http-nio-8080-exec-1] com.blog.dao.BlogMapper.listBlogTop      : ==> Parameters: 8(Integer)
2020-12-02 16:14:10.216 DEBUG 40012 --- [http-nio-8080-exec-1] com.blog.dao.BlogMapper.listBlogTop      : <==      Total: 8
2020-12-02 16:14:10.217  INFO 40012 --- [http-nio-8080-exec-1] com.blog.aspect.LogAspect                : -----------doAfter------------
2020-12-02 16:14:10.217  INFO 40012 --- [http-nio-8080-exec-1] com.blog.aspect.LogAspect                : Result : index
2020-12-02 16:14:11.302  INFO 40012 --- [http-nio-8080-exec-4] com.blog.aspect.LogAspect                : RequestLog{url='/footer/newblog', ip='0:0:0:0:0:0:0:1', classMethod='com.blog.web.IndexController.newblogs', args=[{}]}
2020-12-02 16:14:11.303 DEBUG 40012 --- [http-nio-8080-exec-4] c.blog.dao.BlogMapper.listBlogTop_COUNT  : ==>  Preparing: SELECT count(0) FROM t_blog WHERE recommend = true
2020-12-02 16:14:11.303 DEBUG 40012 --- [http-nio-8080-exec-4] c.blog.dao.BlogMapper.listBlogTop_COUNT  : ==> Parameters: 
2020-12-02 16:14:11.304 DEBUG 40012 --- [http-nio-8080-exec-4] c.blog.dao.BlogMapper.listBlogTop_COUNT  : <==      Total: 1
2020-12-02 16:14:11.305 DEBUG 40012 --- [http-nio-8080-exec-4] com.blog.dao.BlogMapper.listBlogTop      : ==>  Preparing: SELECT * FROM t_blog WHERE recommend = true order by update_time desc LIMIT ?
2020-12-02 16:14:11.306 DEBUG 40012 --- [http-nio-8080-exec-4] com.blog.dao.BlogMapper.listBlogTop      : ==> Parameters: 3(Integer)
2020-12-02 16:14:11.314 DEBUG 40012 --- [http-nio-8080-exec-4] com.blog.dao.BlogMapper.listBlogTop      : <==      Total: 3
2020-12-02 16:14:11.315  INFO 40012 --- [http-nio-8080-exec-4] com.blog.aspect.LogAspect                : -----------doAfter------------
2020-12-02 16:14:11.315  INFO 40012 --- [http-nio-8080-exec-4] com.blog.aspect.LogAspect                : Result : _fragments :: newblogList
2020-12-02 17:27:59.823  INFO 27540 --- [main] com.blog.blog.BlogApplicationTests       : Starting BlogApplicationTests on U4VATRFZ7P08M83 with PID 27540 (started by Administrator in D:\java project\blog)
2020-12-02 17:27:59.824 DEBUG 27540 --- [main] com.blog.blog.BlogApplicationTests       : Running with Spring Boot v2.1.17.RELEASE, Spring v5.1.18.RELEASE
2020-12-02 17:27:59.825  INFO 27540 --- [main] com.blog.blog.BlogApplicationTests       : The following profiles are active: dev
2020-12-02 17:28:00.835  INFO 27540 --- [main] .s.d.r.c.RepositoryConfigurationDelegate : Bootstrapping Spring Data JPA repositories in DEFAULT mode.
2020-12-02 17:28:00.865  INFO 27540 --- [main] .s.d.r.c.RepositoryConfigurationDelegate : Finished Spring Data repository scanning in 21ms. Found 0 JPA repository interfaces.
2020-12-02 17:28:01.546  INFO 27540 --- [main] c.a.d.s.b.a.DruidDataSourceAutoConfigure : Init DruidDataSource
2020-12-02 17:28:01.678  INFO 27540 --- [main] com.alibaba.druid.pool.DruidDataSource   : {dataSource-1} inited
2020-12-02 17:28:02.060  INFO 27540 --- [main] o.hibernate.jpa.internal.util.LogHelper  : HHH000204: Processing PersistenceUnitInfo [
	name: default
	...]
2020-12-02 17:28:02.143  INFO 27540 --- [main] org.hibernate.Version                    : HHH000412: Hibernate Core {5.3.17.Final}
2020-12-02 17:28:02.145  INFO 27540 --- [main] org.hibernate.cfg.Environment            : HHH000206: hibernate.properties not found
2020-12-02 17:28:02.376  INFO 27540 --- [main] o.hibernate.annotations.common.Version   : HCANN000001: Hibernate Commons Annotations {5.0.4.Final}
2020-12-02 17:28:03.936  INFO 27540 --- [main] org.hibernate.dialect.Dialect            : HHH000400: Using dialect: org.hibernate.dialect.MySQL5Dialect
2020-12-02 17:28:05.284  INFO 27540 --- [main] j.LocalContainerEntityManagerFactoryBean : Initialized JPA EntityManagerFactory for persistence unit 'default'
2020-12-02 17:28:07.132  INFO 27540 --- [main] o.s.s.concurrent.ThreadPoolTaskExecutor  : Initializing ExecutorService 'applicationTaskExecutor'
2020-12-02 17:28:07.260  INFO 27540 --- [main] o.s.b.a.w.s.WelcomePageHandlerMapping    : Adding welcome page template: index
2020-12-02 17:28:07.892  INFO 27540 --- [main] com.blog.blog.BlogApplicationTests       : Started BlogApplicationTests in 8.536 seconds (JVM running for 9.401)
2020-12-02 17:28:08.065  INFO 27540 --- [Thread-3] o.s.s.concurrent.ThreadPoolTaskExecutor  : Shutting down ExecutorService 'applicationTaskExecutor'
2020-12-02 17:28:08.067  INFO 27540 --- [Thread-3] j.LocalContainerEntityManagerFactoryBean : Closing JPA EntityManagerFactory for persistence unit 'default'
2020-12-02 17:28:08.071  INFO 27540 --- [Thread-3] com.alibaba.druid.pool.DruidDataSource   : {dataSource-1} closing ...
2020-12-02 17:28:08.088  INFO 27540 --- [Thread-3] com.alibaba.druid.pool.DruidDataSource   : {dataSource-1} closed
2020-12-02 18:37:12.105  INFO 7708 --- [restartedMain] com.blog.BlogApplication                 : Starting BlogApplication on U4VATRFZ7P08M83 with PID 7708 (D:\java project\blog\target\classes started by Administrator in D:\java project\blog)
2020-12-02 18:37:12.130 DEBUG 7708 --- [restartedMain] com.blog.BlogApplication                 : Running with Spring Boot v2.1.17.RELEASE, Spring v5.1.18.RELEASE
2020-12-02 18:37:12.131  INFO 7708 --- [restartedMain] com.blog.BlogApplication                 : The following profiles are active: dev
2020-12-02 18:37:12.172  INFO 7708 --- [restartedMain] .e.DevToolsPropertyDefaultsPostProcessor : Devtools property defaults active! Set 'spring.devtools.add-properties' to 'false' to disable
2020-12-02 18:37:12.172  INFO 7708 --- [restartedMain] .e.DevToolsPropertyDefaultsPostProcessor : For additional web related logging consider setting the 'logging.level.web' property to 'DEBUG'
2020-12-02 18:37:12.981  INFO 7708 --- [restartedMain] .s.d.r.c.RepositoryConfigurationDelegate : Bootstrapping Spring Data JPA repositories in DEFAULT mode.
2020-12-02 18:37:13.002  INFO 7708 --- [restartedMain] .s.d.r.c.RepositoryConfigurationDelegate : Finished Spring Data repository scanning in 14ms. Found 0 JPA repository interfaces.
2020-12-02 18:37:13.751  INFO 7708 --- [restartedMain] o.s.b.w.embedded.tomcat.TomcatWebServer  : Tomcat initialized with port(s): 8080 (http)
2020-12-02 18:37:13.775  INFO 7708 --- [restartedMain] o.apache.catalina.core.StandardService   : Starting service [Tomcat]
2020-12-02 18:37:13.775  INFO 7708 --- [restartedMain] org.apache.catalina.core.StandardEngine  : Starting Servlet engine: [Apache Tomcat/9.0.38]
2020-12-02 18:37:13.917  INFO 7708 --- [restartedMain] o.a.c.c.C.[Tomcat].[localhost].[/]       : Initializing Spring embedded WebApplicationContext
2020-12-02 18:37:13.917  INFO 7708 --- [restartedMain] o.s.web.context.ContextLoader            : Root WebApplicationContext: initialization completed in 1744 ms
2020-12-02 18:37:14.050  INFO 7708 --- [restartedMain] c.a.d.s.b.a.DruidDataSourceAutoConfigure : Init DruidDataSource
2020-12-02 18:37:14.141  INFO 7708 --- [restartedMain] com.alibaba.druid.pool.DruidDataSource   : {dataSource-1} inited
2020-12-02 18:37:14.431  INFO 7708 --- [restartedMain] o.hibernate.jpa.internal.util.LogHelper  : HHH000204: Processing PersistenceUnitInfo [
	name: default
	...]
2020-12-02 18:37:14.494  INFO 7708 --- [restartedMain] org.hibernate.Version                    : HHH000412: Hibernate Core {5.3.17.Final}
2020-12-02 18:37:14.495  INFO 7708 --- [restartedMain] org.hibernate.cfg.Environment            : HHH000206: hibernate.properties not found
2020-12-02 18:37:14.624  INFO 7708 --- [restartedMain] o.hibernate.annotations.common.Version   : HCANN000001: Hibernate Commons Annotations {5.0.4.Final}
2020-12-02 18:37:14.857  INFO 7708 --- [restartedMain] org.hibernate.dialect.Dialect            : HHH000400: Using dialect: org.hibernate.dialect.MySQL5Dialect
2020-12-02 18:37:16.380  INFO 7708 --- [restartedMain] j.LocalContainerEntityManagerFactoryBean : Initialized JPA EntityManagerFactory for persistence unit 'default'
2020-12-02 18:37:16.441  INFO 7708 --- [restartedMain] o.s.b.d.a.OptionalLiveReloadServer       : LiveReload server is running on port 35729
2020-12-02 18:37:17.150  INFO 7708 --- [restartedMain] o.s.s.concurrent.ThreadPoolTaskExecutor  : Initializing ExecutorService 'applicationTaskExecutor'
2020-12-02 18:37:17.238  INFO 7708 --- [restartedMain] o.s.b.a.w.s.WelcomePageHandlerMapping    : Adding welcome page template: index
2020-12-02 18:37:17.686  INFO 7708 --- [restartedMain] o.s.b.w.embedded.tomcat.TomcatWebServer  : Tomcat started on port(s): 8080 (http) with context path ''
2020-12-02 18:37:17.691  INFO 7708 --- [restartedMain] com.blog.BlogApplication                 : Started BlogApplication in 6.203 seconds (JVM running for 8.868)
2020-12-02 18:37:22.049  INFO 7708 --- [http-nio-8080-exec-1] o.apache.tomcat.util.http.parser.Cookie  : A cookie header was received [1606896857] that contained an invalid cookie. That cookie will be ignored.
 Note: further occurrences of this error will be logged at DEBUG level.
2020-12-02 18:37:22.055  INFO 7708 --- [http-nio-8080-exec-1] o.a.c.c.C.[Tomcat].[localhost].[/]       : Initializing Spring DispatcherServlet 'dispatcherServlet'
2020-12-02 18:37:22.055  INFO 7708 --- [http-nio-8080-exec-1] o.s.web.servlet.DispatcherServlet        : Initializing Servlet 'dispatcherServlet'
2020-12-02 18:37:22.074  INFO 7708 --- [http-nio-8080-exec-1] o.s.web.servlet.DispatcherServlet        : Completed initialization in 19 ms
2020-12-02 18:37:22.108  INFO 7708 --- [http-nio-8080-exec-1] com.blog.aspect.LogAspect                : RequestLog{url='/', ip='0:0:0:0:0:0:0:1', classMethod='com.blog.web.IndexController.index', args=[1, 6, {}]}
2020-12-02 18:37:22.153 DEBUG 7708 --- [http-nio-8080-exec-1] c.b.dao.BlogMapper.listAllBlogs_COUNT    : ==>  Preparing: SELECT count(0) FROM t_blog tb LEFT JOIN t_type tt ON tb.type_id = tt.id LEFT JOIN t_user tu ON tb.user_id = tu.id
2020-12-02 18:37:22.166 DEBUG 7708 --- [http-nio-8080-exec-1] c.b.dao.BlogMapper.listAllBlogs_COUNT    : ==> Parameters: 
2020-12-02 18:37:22.178 DEBUG 7708 --- [http-nio-8080-exec-1] c.b.dao.BlogMapper.listAllBlogs_COUNT    : <==      Total: 1
2020-12-02 18:37:22.181 DEBUG 7708 --- [http-nio-8080-exec-1] com.blog.dao.BlogMapper.listAllBlogs     : ==>  Preparing: SELECT tb.id blogId, tb.title, tb.flag, tb.content, tb.first_picture, tb.description, tb.update_time, tb.create_time, tb.appreciation, tb.commentable, tb.recommend, tb.published, tb.share_statement, tb.views, tt.id typeId, tt.name typename, tu.id userId, tu.nickname, tu.avatar FROM t_blog tb LEFT JOIN t_type tt ON tb.type_id = tt.id LEFT JOIN t_user tu ON tb.user_id = tu.id order by tb.update_time desc LIMIT ?
2020-12-02 18:37:22.181 DEBUG 7708 --- [http-nio-8080-exec-1] com.blog.dao.BlogMapper.listAllBlogs     : ==> Parameters: 6(Integer)
2020-12-02 18:37:22.189 DEBUG 7708 --- [http-nio-8080-exec-1] com.blog.dao.BlogMapper.listAllBlogs     : <==      Total: 6
2020-12-02 18:37:22.193 DEBUG 7708 --- [http-nio-8080-exec-1] c.blog.dao.TypeMapper.listTypeTop_COUNT  : ==>  Preparing: SELECT count(0) FROM (SELECT tt.*, count(tb.id) blogsCount FROM t_type tt JOIN t_blog tb ON tb.type_id = tt.id WHERE tb.published GROUP BY tt.id) table_count
2020-12-02 18:37:22.193 DEBUG 7708 --- [http-nio-8080-exec-1] c.blog.dao.TypeMapper.listTypeTop_COUNT  : ==> Parameters: 
2020-12-02 18:37:22.196 DEBUG 7708 --- [http-nio-8080-exec-1] c.blog.dao.TypeMapper.listTypeTop_COUNT  : <==      Total: 1
2020-12-02 18:37:22.197 DEBUG 7708 --- [http-nio-8080-exec-1] com.blog.dao.TypeMapper.listTypeTop      : ==>  Preparing: SELECT tt.*, count(tb.id) blogsCount FROM t_type tt JOIN t_blog tb ON tb.type_id = tt.id WHERE tb.published GROUP BY tt.id order by blogsCount desc LIMIT ?
2020-12-02 18:37:22.197 DEBUG 7708 --- [http-nio-8080-exec-1] com.blog.dao.TypeMapper.listTypeTop      : ==> Parameters: 6(Integer)
2020-12-02 18:37:22.199 DEBUG 7708 --- [http-nio-8080-exec-1] com.blog.dao.TypeMapper.listTypeTop      : <==      Total: 2
2020-12-02 18:37:22.203 DEBUG 7708 --- [http-nio-8080-exec-1] com.blog.dao.TagMapper.listTagTop_COUNT  : ==>  Preparing: SELECT count(0) FROM (SELECT tt.*, count(tb.id) blogsCount FROM t_tag tt LEFT JOIN t_blog_tags ttt ON ttt.tags_id = tt.id LEFT JOIN t_blog tb ON tb.id = ttt.blogs_id WHERE tb.published GROUP BY tt.id) table_count
2020-12-02 18:37:22.203 DEBUG 7708 --- [http-nio-8080-exec-1] com.blog.dao.TagMapper.listTagTop_COUNT  : ==> Parameters: 
2020-12-02 18:37:22.207 DEBUG 7708 --- [http-nio-8080-exec-1] com.blog.dao.TagMapper.listTagTop_COUNT  : <==      Total: 1
2020-12-02 18:37:22.208 DEBUG 7708 --- [http-nio-8080-exec-1] com.blog.dao.TagMapper.listTagTop        : ==>  Preparing: SELECT tt.*, count(tb.id) blogsCount FROM t_tag tt LEFT JOIN t_blog_tags ttt ON ttt.tags_id = tt.id LEFT JOIN t_blog tb ON tb.id = ttt.blogs_id WHERE tb.published GROUP BY tt.id order by blogsCount desc LIMIT ?
2020-12-02 18:37:22.208 DEBUG 7708 --- [http-nio-8080-exec-1] com.blog.dao.TagMapper.listTagTop        : ==> Parameters: 6(Integer)
2020-12-02 18:37:22.211 DEBUG 7708 --- [http-nio-8080-exec-1] com.blog.dao.TagMapper.listTagTop        : <==      Total: 4
2020-12-02 18:37:22.212 DEBUG 7708 --- [http-nio-8080-exec-1] c.blog.dao.BlogMapper.listBlogTop_COUNT  : ==>  Preparing: SELECT count(0) FROM t_blog WHERE recommend = true
2020-12-02 18:37:22.212 DEBUG 7708 --- [http-nio-8080-exec-1] c.blog.dao.BlogMapper.listBlogTop_COUNT  : ==> Parameters: 
2020-12-02 18:37:22.214 DEBUG 7708 --- [http-nio-8080-exec-1] c.blog.dao.BlogMapper.listBlogTop_COUNT  : <==      Total: 1
2020-12-02 18:37:22.215 DEBUG 7708 --- [http-nio-8080-exec-1] com.blog.dao.BlogMapper.listBlogTop      : ==>  Preparing: SELECT * FROM t_blog WHERE recommend = true order by update_time desc LIMIT ?
2020-12-02 18:37:22.215 DEBUG 7708 --- [http-nio-8080-exec-1] com.blog.dao.BlogMapper.listBlogTop      : ==> Parameters: 8(Integer)
2020-12-02 18:37:22.220 DEBUG 7708 --- [http-nio-8080-exec-1] com.blog.dao.BlogMapper.listBlogTop      : <==      Total: 8
2020-12-02 18:37:22.221  INFO 7708 --- [http-nio-8080-exec-1] com.blog.aspect.LogAspect                : -----------doAfter------------
2020-12-02 18:37:22.221  INFO 7708 --- [http-nio-8080-exec-1] com.blog.aspect.LogAspect                : Result : index
2020-12-02 18:37:22.958  INFO 7708 --- [http-nio-8080-exec-1] com.blog.aspect.LogAspect                : RequestLog{url='/footer/newblog', ip='0:0:0:0:0:0:0:1', classMethod='com.blog.web.IndexController.newblogs', args=[{}]}
2020-12-02 18:37:22.959 DEBUG 7708 --- [http-nio-8080-exec-1] c.blog.dao.BlogMapper.listBlogTop_COUNT  : ==>  Preparing: SELECT count(0) FROM t_blog WHERE recommend = true
2020-12-02 18:37:22.960 DEBUG 7708 --- [http-nio-8080-exec-1] c.blog.dao.BlogMapper.listBlogTop_COUNT  : ==> Parameters: 
2020-12-02 18:37:22.962 DEBUG 7708 --- [http-nio-8080-exec-1] c.blog.dao.BlogMapper.listBlogTop_COUNT  : <==      Total: 1
2020-12-02 18:37:22.963 DEBUG 7708 --- [http-nio-8080-exec-1] com.blog.dao.BlogMapper.listBlogTop      : ==>  Preparing: SELECT * FROM t_blog WHERE recommend = true order by update_time desc LIMIT ?
2020-12-02 18:37:22.963 DEBUG 7708 --- [http-nio-8080-exec-1] com.blog.dao.BlogMapper.listBlogTop      : ==> Parameters: 3(Integer)
2020-12-02 18:37:22.969 DEBUG 7708 --- [http-nio-8080-exec-1] com.blog.dao.BlogMapper.listBlogTop      : <==      Total: 3
2020-12-02 18:37:22.970  INFO 7708 --- [http-nio-8080-exec-1] com.blog.aspect.LogAspect                : -----------doAfter------------
2020-12-02 18:37:22.970  INFO 7708 --- [http-nio-8080-exec-1] com.blog.aspect.LogAspect                : Result : _fragments :: newblogList
2020-12-02 18:38:17.427  INFO 13628 --- [restartedMain] com.blog.BlogApplication                 : Starting BlogApplication on U4VATRFZ7P08M83 with PID 13628 (D:\java project\blog\target\classes started by Administrator in D:\java project\blog)
2020-12-02 18:38:17.429 DEBUG 13628 --- [restartedMain] com.blog.BlogApplication                 : Running with Spring Boot v2.1.17.RELEASE, Spring v5.1.18.RELEASE
2020-12-02 18:38:17.430  INFO 13628 --- [restartedMain] com.blog.BlogApplication                 : The following profiles are active: dev
2020-12-02 18:38:17.511  INFO 13628 --- [restartedMain] .e.DevToolsPropertyDefaultsPostProcessor : Devtools property defaults active! Set 'spring.devtools.add-properties' to 'false' to disable
2020-12-02 18:38:17.511  INFO 13628 --- [restartedMain] .e.DevToolsPropertyDefaultsPostProcessor : For additional web related logging consider setting the 'logging.level.web' property to 'DEBUG'
2020-12-02 18:38:18.285  INFO 13628 --- [restartedMain] .s.d.r.c.RepositoryConfigurationDelegate : Bootstrapping Spring Data JPA repositories in DEFAULT mode.
2020-12-02 18:38:18.306  INFO 13628 --- [restartedMain] .s.d.r.c.RepositoryConfigurationDelegate : Finished Spring Data repository scanning in 15ms. Found 0 JPA repository interfaces.
2020-12-02 18:38:19.101  INFO 13628 --- [restartedMain] o.s.b.w.embedded.tomcat.TomcatWebServer  : Tomcat initialized with port(s): 8080 (http)
2020-12-02 18:38:19.118  INFO 13628 --- [restartedMain] o.apache.catalina.core.StandardService   : Starting service [Tomcat]
2020-12-02 18:38:19.119  INFO 13628 --- [restartedMain] org.apache.catalina.core.StandardEngine  : Starting Servlet engine: [Apache Tomcat/9.0.38]
2020-12-02 18:38:19.255  INFO 13628 --- [restartedMain] o.a.c.c.C.[Tomcat].[localhost].[/]       : Initializing Spring embedded WebApplicationContext
2020-12-02 18:38:19.255  INFO 13628 --- [restartedMain] o.s.web.context.ContextLoader            : Root WebApplicationContext: initialization completed in 1744 ms
2020-12-02 18:38:19.378  INFO 13628 --- [restartedMain] c.a.d.s.b.a.DruidDataSourceAutoConfigure : Init DruidDataSource
2020-12-02 18:38:19.452  INFO 13628 --- [restartedMain] com.alibaba.druid.pool.DruidDataSource   : {dataSource-1} inited
2020-12-02 18:38:19.663  INFO 13628 --- [restartedMain] o.hibernate.jpa.internal.util.LogHelper  : HHH000204: Processing PersistenceUnitInfo [
	name: default
	...]
2020-12-02 18:38:19.707  INFO 13628 --- [restartedMain] org.hibernate.Version                    : HHH000412: Hibernate Core {5.3.17.Final}
2020-12-02 18:38:19.708  INFO 13628 --- [restartedMain] org.hibernate.cfg.Environment            : HHH000206: hibernate.properties not found
2020-12-02 18:38:19.814  INFO 13628 --- [restartedMain] o.hibernate.annotations.common.Version   : HCANN000001: Hibernate Commons Annotations {5.0.4.Final}
2020-12-02 18:38:19.946  INFO 13628 --- [restartedMain] org.hibernate.dialect.Dialect            : HHH000400: Using dialect: org.hibernate.dialect.MySQL5Dialect
2020-12-02 18:38:20.996  INFO 13628 --- [restartedMain] j.LocalContainerEntityManagerFactoryBean : Initialized JPA EntityManagerFactory for persistence unit 'default'
2020-12-02 18:38:21.045  INFO 13628 --- [restartedMain] o.s.b.d.a.OptionalLiveReloadServer       : LiveReload server is running on port 35729
2020-12-02 18:38:21.740  INFO 13628 --- [restartedMain] o.s.s.concurrent.ThreadPoolTaskExecutor  : Initializing ExecutorService 'applicationTaskExecutor'
2020-12-02 18:38:21.838  INFO 13628 --- [restartedMain] o.s.b.a.w.s.WelcomePageHandlerMapping    : Adding welcome page template: index
2020-12-02 18:38:22.219  INFO 13628 --- [restartedMain] o.s.b.w.embedded.tomcat.TomcatWebServer  : Tomcat started on port(s): 8080 (http) with context path ''
2020-12-02 18:38:22.222  INFO 13628 --- [restartedMain] com.blog.BlogApplication                 : Started BlogApplication in 5.259 seconds (JVM running for 8.317)
2020-12-02 18:38:22.755  INFO 13628 --- [http-nio-8080-exec-1] o.apache.tomcat.util.http.parser.Cookie  : A cookie header was received [1606896857,1606905449; Hm_lpvt_eaa57ca47dacb4ad4f5a257001a3457c=1606905449] that contained an invalid cookie. That cookie will be ignored.
 Note: further occurrences of this error will be logged at DEBUG level.
2020-12-02 18:38:22.761  INFO 13628 --- [http-nio-8080-exec-1] o.a.c.c.C.[Tomcat].[localhost].[/]       : Initializing Spring DispatcherServlet 'dispatcherServlet'
2020-12-02 18:38:22.762  INFO 13628 --- [http-nio-8080-exec-1] o.s.web.servlet.DispatcherServlet        : Initializing Servlet 'dispatcherServlet'
2020-12-02 18:38:22.779  INFO 13628 --- [http-nio-8080-exec-1] o.s.web.servlet.DispatcherServlet        : Completed initialization in 17 ms
2020-12-02 18:38:22.813  INFO 13628 --- [http-nio-8080-exec-1] com.blog.aspect.LogAspect                : RequestLog{url='/', ip='0:0:0:0:0:0:0:1', classMethod='com.blog.web.IndexController.index', args=[1, 6, {}]}
2020-12-02 18:38:22.875 DEBUG 13628 --- [http-nio-8080-exec-1] c.b.dao.BlogMapper.listAllBlogs_COUNT    : ==>  Preparing: SELECT count(0) FROM t_blog tb LEFT JOIN t_type tt ON tb.type_id = tt.id LEFT JOIN t_user tu ON tb.user_id = tu.id
2020-12-02 18:38:22.887 DEBUG 13628 --- [http-nio-8080-exec-1] c.b.dao.BlogMapper.listAllBlogs_COUNT    : ==> Parameters: 
2020-12-02 18:38:22.897 DEBUG 13628 --- [http-nio-8080-exec-1] c.b.dao.BlogMapper.listAllBlogs_COUNT    : <==      Total: 1
2020-12-02 18:38:22.900 DEBUG 13628 --- [http-nio-8080-exec-1] com.blog.dao.BlogMapper.listAllBlogs     : ==>  Preparing: SELECT tb.id blogId, tb.title, tb.flag, tb.content, tb.first_picture, tb.description, tb.update_time, tb.create_time, tb.appreciation, tb.commentable, tb.recommend, tb.published, tb.share_statement, tb.views, tt.id typeId, tt.name typename, tu.id userId, tu.nickname, tu.avatar FROM t_blog tb LEFT JOIN t_type tt ON tb.type_id = tt.id LEFT JOIN t_user tu ON tb.user_id = tu.id order by tb.update_time desc LIMIT ?
2020-12-02 18:38:22.901 DEBUG 13628 --- [http-nio-8080-exec-1] com.blog.dao.BlogMapper.listAllBlogs     : ==> Parameters: 6(Integer)
2020-12-02 18:38:22.907 DEBUG 13628 --- [http-nio-8080-exec-1] com.blog.dao.BlogMapper.listAllBlogs     : <==      Total: 6
2020-12-02 18:38:22.911 DEBUG 13628 --- [http-nio-8080-exec-1] c.blog.dao.TypeMapper.listTypeTop_COUNT  : ==>  Preparing: SELECT count(0) FROM (SELECT tt.*, count(tb.id) blogsCount FROM t_type tt JOIN t_blog tb ON tb.type_id = tt.id WHERE tb.published GROUP BY tt.id) table_count
2020-12-02 18:38:22.911 DEBUG 13628 --- [http-nio-8080-exec-1] c.blog.dao.TypeMapper.listTypeTop_COUNT  : ==> Parameters: 
2020-12-02 18:38:22.913 DEBUG 13628 --- [http-nio-8080-exec-1] c.blog.dao.TypeMapper.listTypeTop_COUNT  : <==      Total: 1
2020-12-02 18:38:22.914 DEBUG 13628 --- [http-nio-8080-exec-1] com.blog.dao.TypeMapper.listTypeTop      : ==>  Preparing: SELECT tt.*, count(tb.id) blogsCount FROM t_type tt JOIN t_blog tb ON tb.type_id = tt.id WHERE tb.published GROUP BY tt.id order by blogsCount desc LIMIT ?
2020-12-02 18:38:22.915 DEBUG 13628 --- [http-nio-8080-exec-1] com.blog.dao.TypeMapper.listTypeTop      : ==> Parameters: 6(Integer)
2020-12-02 18:38:22.917 DEBUG 13628 --- [http-nio-8080-exec-1] com.blog.dao.TypeMapper.listTypeTop      : <==      Total: 2
2020-12-02 18:38:22.920 DEBUG 13628 --- [http-nio-8080-exec-1] com.blog.dao.TagMapper.listTagTop_COUNT  : ==>  Preparing: SELECT count(0) FROM (SELECT tt.*, count(tb.id) blogsCount FROM t_tag tt LEFT JOIN t_blog_tags ttt ON ttt.tags_id = tt.id LEFT JOIN t_blog tb ON tb.id = ttt.blogs_id WHERE tb.published GROUP BY tt.id) table_count
2020-12-02 18:38:22.921 DEBUG 13628 --- [http-nio-8080-exec-1] com.blog.dao.TagMapper.listTagTop_COUNT  : ==> Parameters: 
2020-12-02 18:38:22.924 DEBUG 13628 --- [http-nio-8080-exec-1] com.blog.dao.TagMapper.listTagTop_COUNT  : <==      Total: 1
2020-12-02 18:38:22.925 DEBUG 13628 --- [http-nio-8080-exec-1] com.blog.dao.TagMapper.listTagTop        : ==>  Preparing: SELECT tt.*, count(tb.id) blogsCount FROM t_tag tt LEFT JOIN t_blog_tags ttt ON ttt.tags_id = tt.id LEFT JOIN t_blog tb ON tb.id = ttt.blogs_id WHERE tb.published GROUP BY tt.id order by blogsCount desc LIMIT ?
2020-12-02 18:38:22.925 DEBUG 13628 --- [http-nio-8080-exec-1] com.blog.dao.TagMapper.listTagTop        : ==> Parameters: 6(Integer)
2020-12-02 18:38:22.927 DEBUG 13628 --- [http-nio-8080-exec-1] com.blog.dao.TagMapper.listTagTop        : <==      Total: 4
2020-12-02 18:38:22.929 DEBUG 13628 --- [http-nio-8080-exec-1] c.blog.dao.BlogMapper.listBlogTop_COUNT  : ==>  Preparing: SELECT count(0) FROM t_blog WHERE recommend = true
2020-12-02 18:38:22.929 DEBUG 13628 --- [http-nio-8080-exec-1] c.blog.dao.BlogMapper.listBlogTop_COUNT  : ==> Parameters: 
2020-12-02 18:38:22.930 DEBUG 13628 --- [http-nio-8080-exec-1] c.blog.dao.BlogMapper.listBlogTop_COUNT  : <==      Total: 1
2020-12-02 18:38:22.931 DEBUG 13628 --- [http-nio-8080-exec-1] com.blog.dao.BlogMapper.listBlogTop      : ==>  Preparing: SELECT * FROM t_blog WHERE recommend = true order by update_time desc LIMIT ?
2020-12-02 18:38:22.932 DEBUG 13628 --- [http-nio-8080-exec-1] com.blog.dao.BlogMapper.listBlogTop      : ==> Parameters: 8(Integer)
2020-12-02 18:38:22.936 DEBUG 13628 --- [http-nio-8080-exec-1] com.blog.dao.BlogMapper.listBlogTop      : <==      Total: 8
2020-12-02 18:38:22.937  INFO 13628 --- [http-nio-8080-exec-1] com.blog.aspect.LogAspect                : -----------doAfter------------
2020-12-02 18:38:22.937  INFO 13628 --- [http-nio-8080-exec-1] com.blog.aspect.LogAspect                : Result : index
2020-12-02 18:38:23.570  INFO 13628 --- [http-nio-8080-exec-6] com.blog.aspect.LogAspect                : RequestLog{url='/footer/newblog', ip='0:0:0:0:0:0:0:1', classMethod='com.blog.web.IndexController.newblogs', args=[{}]}
2020-12-02 18:38:23.571 DEBUG 13628 --- [http-nio-8080-exec-6] c.blog.dao.BlogMapper.listBlogTop_COUNT  : ==>  Preparing: SELECT count(0) FROM t_blog WHERE recommend = true
2020-12-02 18:38:23.571 DEBUG 13628 --- [http-nio-8080-exec-6] c.blog.dao.BlogMapper.listBlogTop_COUNT  : ==> Parameters: 
2020-12-02 18:38:23.573 DEBUG 13628 --- [http-nio-8080-exec-6] c.blog.dao.BlogMapper.listBlogTop_COUNT  : <==      Total: 1
2020-12-02 18:38:23.574 DEBUG 13628 --- [http-nio-8080-exec-6] com.blog.dao.BlogMapper.listBlogTop      : ==>  Preparing: SELECT * FROM t_blog WHERE recommend = true order by update_time desc LIMIT ?
2020-12-02 18:38:23.574 DEBUG 13628 --- [http-nio-8080-exec-6] com.blog.dao.BlogMapper.listBlogTop      : ==> Parameters: 3(Integer)
2020-12-02 18:38:23.578 DEBUG 13628 --- [http-nio-8080-exec-6] com.blog.dao.BlogMapper.listBlogTop      : <==      Total: 3
2020-12-02 18:38:23.579  INFO 13628 --- [http-nio-8080-exec-6] com.blog.aspect.LogAspect                : -----------doAfter------------
2020-12-02 18:38:23.579  INFO 13628 --- [http-nio-8080-exec-6] com.blog.aspect.LogAspect                : Result : _fragments :: newblogList
2020-12-02 18:38:25.604  INFO 13628 --- [http-nio-8080-exec-9] com.blog.aspect.LogAspect                : RequestLog{url='/', ip='0:0:0:0:0:0:0:1', classMethod='com.blog.web.IndexController.index', args=[1, 6, {}]}
2020-12-02 18:38:25.606 DEBUG 13628 --- [http-nio-8080-exec-9] c.b.dao.BlogMapper.listAllBlogs_COUNT    : ==>  Preparing: SELECT count(0) FROM t_blog tb LEFT JOIN t_type tt ON tb.type_id = tt.id LEFT JOIN t_user tu ON tb.user_id = tu.id
2020-12-02 18:38:25.607 DEBUG 13628 --- [http-nio-8080-exec-9] c.b.dao.BlogMapper.listAllBlogs_COUNT    : ==> Parameters: 
2020-12-02 18:38:25.609 DEBUG 13628 --- [http-nio-8080-exec-9] c.b.dao.BlogMapper.listAllBlogs_COUNT    : <==      Total: 1
2020-12-02 18:38:25.611 DEBUG 13628 --- [http-nio-8080-exec-9] com.blog.dao.BlogMapper.listAllBlogs     : ==>  Preparing: SELECT tb.id blogId, tb.title, tb.flag, tb.content, tb.first_picture, tb.description, tb.update_time, tb.create_time, tb.appreciation, tb.commentable, tb.recommend, tb.published, tb.share_statement, tb.views, tt.id typeId, tt.name typename, tu.id userId, tu.nickname, tu.avatar FROM t_blog tb LEFT JOIN t_type tt ON tb.type_id = tt.id LEFT JOIN t_user tu ON tb.user_id = tu.id order by tb.update_time desc LIMIT ?
2020-12-02 18:38:25.611 DEBUG 13628 --- [http-nio-8080-exec-9] com.blog.dao.BlogMapper.listAllBlogs     : ==> Parameters: 6(Integer)
2020-12-02 18:38:25.616 DEBUG 13628 --- [http-nio-8080-exec-9] com.blog.dao.BlogMapper.listAllBlogs     : <==      Total: 6
2020-12-02 18:38:25.617 DEBUG 13628 --- [http-nio-8080-exec-9] c.blog.dao.TypeMapper.listTypeTop_COUNT  : ==>  Preparing: SELECT count(0) FROM (SELECT tt.*, count(tb.id) blogsCount FROM t_type tt JOIN t_blog tb ON tb.type_id = tt.id WHERE tb.published GROUP BY tt.id) table_count
2020-12-02 18:38:25.617 DEBUG 13628 --- [http-nio-8080-exec-9] c.blog.dao.TypeMapper.listTypeTop_COUNT  : ==> Parameters: 
2020-12-02 18:38:25.619 DEBUG 13628 --- [http-nio-8080-exec-9] c.blog.dao.TypeMapper.listTypeTop_COUNT  : <==      Total: 1
2020-12-02 18:38:25.620 DEBUG 13628 --- [http-nio-8080-exec-9] com.blog.dao.TypeMapper.listTypeTop      : ==>  Preparing: SELECT tt.*, count(tb.id) blogsCount FROM t_type tt JOIN t_blog tb ON tb.type_id = tt.id WHERE tb.published GROUP BY tt.id order by blogsCount desc LIMIT ?
2020-12-02 18:38:25.621 DEBUG 13628 --- [http-nio-8080-exec-9] com.blog.dao.TypeMapper.listTypeTop      : ==> Parameters: 6(Integer)
2020-12-02 18:38:25.623 DEBUG 13628 --- [http-nio-8080-exec-9] com.blog.dao.TypeMapper.listTypeTop      : <==      Total: 2
2020-12-02 18:38:25.624 DEBUG 13628 --- [http-nio-8080-exec-9] com.blog.dao.TagMapper.listTagTop_COUNT  : ==>  Preparing: SELECT count(0) FROM (SELECT tt.*, count(tb.id) blogsCount FROM t_tag tt LEFT JOIN t_blog_tags ttt ON ttt.tags_id = tt.id LEFT JOIN t_blog tb ON tb.id = ttt.blogs_id WHERE tb.published GROUP BY tt.id) table_count
2020-12-02 18:38:25.625 DEBUG 13628 --- [http-nio-8080-exec-9] com.blog.dao.TagMapper.listTagTop_COUNT  : ==> Parameters: 
2020-12-02 18:38:25.627 DEBUG 13628 --- [http-nio-8080-exec-9] com.blog.dao.TagMapper.listTagTop_COUNT  : <==      Total: 1
2020-12-02 18:38:25.629 DEBUG 13628 --- [http-nio-8080-exec-9] com.blog.dao.TagMapper.listTagTop        : ==>  Preparing: SELECT tt.*, count(tb.id) blogsCount FROM t_tag tt LEFT JOIN t_blog_tags ttt ON ttt.tags_id = tt.id LEFT JOIN t_blog tb ON tb.id = ttt.blogs_id WHERE tb.published GROUP BY tt.id order by blogsCount desc LIMIT ?
2020-12-02 18:38:25.629 DEBUG 13628 --- [http-nio-8080-exec-9] com.blog.dao.TagMapper.listTagTop        : ==> Parameters: 6(Integer)
2020-12-02 18:38:25.632 DEBUG 13628 --- [http-nio-8080-exec-9] com.blog.dao.TagMapper.listTagTop        : <==      Total: 4
2020-12-02 18:38:25.633 DEBUG 13628 --- [http-nio-8080-exec-9] c.blog.dao.BlogMapper.listBlogTop_COUNT  : ==>  Preparing: SELECT count(0) FROM t_blog WHERE recommend = true
2020-12-02 18:38:25.634 DEBUG 13628 --- [http-nio-8080-exec-9] c.blog.dao.BlogMapper.listBlogTop_COUNT  : ==> Parameters: 
2020-12-02 18:38:25.636 DEBUG 13628 --- [http-nio-8080-exec-9] c.blog.dao.BlogMapper.listBlogTop_COUNT  : <==      Total: 1
2020-12-02 18:38:25.636 DEBUG 13628 --- [http-nio-8080-exec-9] com.blog.dao.BlogMapper.listBlogTop      : ==>  Preparing: SELECT * FROM t_blog WHERE recommend = true order by update_time desc LIMIT ?
2020-12-02 18:38:25.636 DEBUG 13628 --- [http-nio-8080-exec-9] com.blog.dao.BlogMapper.listBlogTop      : ==> Parameters: 8(Integer)
2020-12-02 18:38:25.639 DEBUG 13628 --- [http-nio-8080-exec-9] com.blog.dao.BlogMapper.listBlogTop      : <==      Total: 8
2020-12-02 18:38:25.639  INFO 13628 --- [http-nio-8080-exec-9] com.blog.aspect.LogAspect                : -----------doAfter------------
2020-12-02 18:38:25.639  INFO 13628 --- [http-nio-8080-exec-9] com.blog.aspect.LogAspect                : Result : index
2020-12-02 18:38:25.938  INFO 13628 --- [http-nio-8080-exec-8] com.blog.aspect.LogAspect                : RequestLog{url='/footer/newblog', ip='0:0:0:0:0:0:0:1', classMethod='com.blog.web.IndexController.newblogs', args=[{}]}
2020-12-02 18:38:25.939 DEBUG 13628 --- [http-nio-8080-exec-8] c.blog.dao.BlogMapper.listBlogTop_COUNT  : ==>  Preparing: SELECT count(0) FROM t_blog WHERE recommend = true
2020-12-02 18:38:25.939 DEBUG 13628 --- [http-nio-8080-exec-8] c.blog.dao.BlogMapper.listBlogTop_COUNT  : ==> Parameters: 
2020-12-02 18:38:25.941 DEBUG 13628 --- [http-nio-8080-exec-8] c.blog.dao.BlogMapper.listBlogTop_COUNT  : <==      Total: 1
2020-12-02 18:38:25.942 DEBUG 13628 --- [http-nio-8080-exec-8] com.blog.dao.BlogMapper.listBlogTop      : ==>  Preparing: SELECT * FROM t_blog WHERE recommend = true order by update_time desc LIMIT ?
2020-12-02 18:38:25.942 DEBUG 13628 --- [http-nio-8080-exec-8] com.blog.dao.BlogMapper.listBlogTop      : ==> Parameters: 3(Integer)
2020-12-02 18:38:25.945 DEBUG 13628 --- [http-nio-8080-exec-8] com.blog.dao.BlogMapper.listBlogTop      : <==      Total: 3
2020-12-02 18:38:25.945  INFO 13628 --- [http-nio-8080-exec-8] com.blog.aspect.LogAspect                : -----------doAfter------------
2020-12-02 18:38:25.945  INFO 13628 --- [http-nio-8080-exec-8] com.blog.aspect.LogAspect                : Result : _fragments :: newblogList
2020-12-02 18:38:28.291  INFO 13628 --- [http-nio-8080-exec-2] com.blog.aspect.LogAspect                : RequestLog{url='/', ip='0:0:0:0:0:0:0:1', classMethod='com.blog.web.IndexController.index', args=[1, 6, {}]}
2020-12-02 18:38:28.292 DEBUG 13628 --- [http-nio-8080-exec-2] c.b.dao.BlogMapper.listAllBlogs_COUNT    : ==>  Preparing: SELECT count(0) FROM t_blog tb LEFT JOIN t_type tt ON tb.type_id = tt.id LEFT JOIN t_user tu ON tb.user_id = tu.id
2020-12-02 18:38:28.292 DEBUG 13628 --- [http-nio-8080-exec-2] c.b.dao.BlogMapper.listAllBlogs_COUNT    : ==> Parameters: 
2020-12-02 18:38:28.295 DEBUG 13628 --- [http-nio-8080-exec-2] c.b.dao.BlogMapper.listAllBlogs_COUNT    : <==      Total: 1
2020-12-02 18:38:28.296 DEBUG 13628 --- [http-nio-8080-exec-2] com.blog.dao.BlogMapper.listAllBlogs     : ==>  Preparing: SELECT tb.id blogId, tb.title, tb.flag, tb.content, tb.first_picture, tb.description, tb.update_time, tb.create_time, tb.appreciation, tb.commentable, tb.recommend, tb.published, tb.share_statement, tb.views, tt.id typeId, tt.name typename, tu.id userId, tu.nickname, tu.avatar FROM t_blog tb LEFT JOIN t_type tt ON tb.type_id = tt.id LEFT JOIN t_user tu ON tb.user_id = tu.id order by tb.update_time desc LIMIT ?
2020-12-02 18:38:28.296 DEBUG 13628 --- [http-nio-8080-exec-2] com.blog.dao.BlogMapper.listAllBlogs     : ==> Parameters: 6(Integer)
2020-12-02 18:38:28.301 DEBUG 13628 --- [http-nio-8080-exec-2] com.blog.dao.BlogMapper.listAllBlogs     : <==      Total: 6
2020-12-02 18:38:28.302 DEBUG 13628 --- [http-nio-8080-exec-2] c.blog.dao.TypeMapper.listTypeTop_COUNT  : ==>  Preparing: SELECT count(0) FROM (SELECT tt.*, count(tb.id) blogsCount FROM t_type tt JOIN t_blog tb ON tb.type_id = tt.id WHERE tb.published GROUP BY tt.id) table_count
2020-12-02 18:38:28.303 DEBUG 13628 --- [http-nio-8080-exec-2] c.blog.dao.TypeMapper.listTypeTop_COUNT  : ==> Parameters: 
2020-12-02 18:38:28.305 DEBUG 13628 --- [http-nio-8080-exec-2] c.blog.dao.TypeMapper.listTypeTop_COUNT  : <==      Total: 1
2020-12-02 18:38:28.306 DEBUG 13628 --- [http-nio-8080-exec-2] com.blog.dao.TypeMapper.listTypeTop      : ==>  Preparing: SELECT tt.*, count(tb.id) blogsCount FROM t_type tt JOIN t_blog tb ON tb.type_id = tt.id WHERE tb.published GROUP BY tt.id order by blogsCount desc LIMIT ?
2020-12-02 18:38:28.306 DEBUG 13628 --- [http-nio-8080-exec-2] com.blog.dao.TypeMapper.listTypeTop      : ==> Parameters: 6(Integer)
2020-12-02 18:38:28.308 DEBUG 13628 --- [http-nio-8080-exec-2] com.blog.dao.TypeMapper.listTypeTop      : <==      Total: 2
2020-12-02 18:38:28.309 DEBUG 13628 --- [http-nio-8080-exec-2] com.blog.dao.TagMapper.listTagTop_COUNT  : ==>  Preparing: SELECT count(0) FROM (SELECT tt.*, count(tb.id) blogsCount FROM t_tag tt LEFT JOIN t_blog_tags ttt ON ttt.tags_id = tt.id LEFT JOIN t_blog tb ON tb.id = ttt.blogs_id WHERE tb.published GROUP BY tt.id) table_count
2020-12-02 18:38:28.310 DEBUG 13628 --- [http-nio-8080-exec-2] com.blog.dao.TagMapper.listTagTop_COUNT  : ==> Parameters: 
2020-12-02 18:38:28.312 DEBUG 13628 --- [http-nio-8080-exec-2] com.blog.dao.TagMapper.listTagTop_COUNT  : <==      Total: 1
2020-12-02 18:38:28.313 DEBUG 13628 --- [http-nio-8080-exec-2] com.blog.dao.TagMapper.listTagTop        : ==>  Preparing: SELECT tt.*, count(tb.id) blogsCount FROM t_tag tt LEFT JOIN t_blog_tags ttt ON ttt.tags_id = tt.id LEFT JOIN t_blog tb ON tb.id = ttt.blogs_id WHERE tb.published GROUP BY tt.id order by blogsCount desc LIMIT ?
2020-12-02 18:38:28.313 DEBUG 13628 --- [http-nio-8080-exec-2] com.blog.dao.TagMapper.listTagTop        : ==> Parameters: 6(Integer)
2020-12-02 18:38:28.315 DEBUG 13628 --- [http-nio-8080-exec-2] com.blog.dao.TagMapper.listTagTop        : <==      Total: 4
2020-12-02 18:38:28.317 DEBUG 13628 --- [http-nio-8080-exec-2] c.blog.dao.BlogMapper.listBlogTop_COUNT  : ==>  Preparing: SELECT count(0) FROM t_blog WHERE recommend = true
2020-12-02 18:38:28.317 DEBUG 13628 --- [http-nio-8080-exec-2] c.blog.dao.BlogMapper.listBlogTop_COUNT  : ==> Parameters: 
2020-12-02 18:38:28.318 DEBUG 13628 --- [http-nio-8080-exec-2] c.blog.dao.BlogMapper.listBlogTop_COUNT  : <==      Total: 1
2020-12-02 18:38:28.319 DEBUG 13628 --- [http-nio-8080-exec-2] com.blog.dao.BlogMapper.listBlogTop      : ==>  Preparing: SELECT * FROM t_blog WHERE recommend = true order by update_time desc LIMIT ?
2020-12-02 18:38:28.319 DEBUG 13628 --- [http-nio-8080-exec-2] com.blog.dao.BlogMapper.listBlogTop      : ==> Parameters: 8(Integer)
2020-12-02 18:38:28.322 DEBUG 13628 --- [http-nio-8080-exec-2] com.blog.dao.BlogMapper.listBlogTop      : <==      Total: 8
2020-12-02 18:38:28.322  INFO 13628 --- [http-nio-8080-exec-2] com.blog.aspect.LogAspect                : -----------doAfter------------
2020-12-02 18:38:28.322  INFO 13628 --- [http-nio-8080-exec-2] com.blog.aspect.LogAspect                : Result : index
2020-12-02 18:38:28.634  INFO 13628 --- [http-nio-8080-exec-5] com.blog.aspect.LogAspect                : RequestLog{url='/footer/newblog', ip='0:0:0:0:0:0:0:1', classMethod='com.blog.web.IndexController.newblogs', args=[{}]}
2020-12-02 18:38:28.634 DEBUG 13628 --- [http-nio-8080-exec-5] c.blog.dao.BlogMapper.listBlogTop_COUNT  : ==>  Preparing: SELECT count(0) FROM t_blog WHERE recommend = true
2020-12-02 18:38:28.635 DEBUG 13628 --- [http-nio-8080-exec-5] c.blog.dao.BlogMapper.listBlogTop_COUNT  : ==> Parameters: 
2020-12-02 18:38:28.636 DEBUG 13628 --- [http-nio-8080-exec-5] c.blog.dao.BlogMapper.listBlogTop_COUNT  : <==      Total: 1
2020-12-02 18:38:28.637 DEBUG 13628 --- [http-nio-8080-exec-5] com.blog.dao.BlogMapper.listBlogTop      : ==>  Preparing: SELECT * FROM t_blog WHERE recommend = true order by update_time desc LIMIT ?
2020-12-02 18:38:28.637 DEBUG 13628 --- [http-nio-8080-exec-5] com.blog.dao.BlogMapper.listBlogTop      : ==> Parameters: 3(Integer)
2020-12-02 18:38:28.640 DEBUG 13628 --- [http-nio-8080-exec-5] com.blog.dao.BlogMapper.listBlogTop      : <==      Total: 3
2020-12-02 18:38:28.640  INFO 13628 --- [http-nio-8080-exec-5] com.blog.aspect.LogAspect                : -----------doAfter------------
2020-12-02 18:38:28.640  INFO 13628 --- [http-nio-8080-exec-5] com.blog.aspect.LogAspect                : Result : _fragments :: newblogList
2020-12-02 18:38:29.659  INFO 13628 --- [http-nio-8080-exec-7] com.blog.aspect.LogAspect                : RequestLog{url='/', ip='0:0:0:0:0:0:0:1', classMethod='com.blog.web.IndexController.index', args=[1, 6, {}]}
2020-12-02 18:38:29.661 DEBUG 13628 --- [http-nio-8080-exec-7] c.b.dao.BlogMapper.listAllBlogs_COUNT    : ==>  Preparing: SELECT count(0) FROM t_blog tb LEFT JOIN t_type tt ON tb.type_id = tt.id LEFT JOIN t_user tu ON tb.user_id = tu.id
2020-12-02 18:38:29.661 DEBUG 13628 --- [http-nio-8080-exec-7] c.b.dao.BlogMapper.listAllBlogs_COUNT    : ==> Parameters: 
2020-12-02 18:38:29.664 DEBUG 13628 --- [http-nio-8080-exec-7] c.b.dao.BlogMapper.listAllBlogs_COUNT    : <==      Total: 1
2020-12-02 18:38:29.665 DEBUG 13628 --- [http-nio-8080-exec-7] com.blog.dao.BlogMapper.listAllBlogs     : ==>  Preparing: SELECT tb.id blogId, tb.title, tb.flag, tb.content, tb.first_picture, tb.description, tb.update_time, tb.create_time, tb.appreciation, tb.commentable, tb.recommend, tb.published, tb.share_statement, tb.views, tt.id typeId, tt.name typename, tu.id userId, tu.nickname, tu.avatar FROM t_blog tb LEFT JOIN t_type tt ON tb.type_id = tt.id LEFT JOIN t_user tu ON tb.user_id = tu.id order by tb.update_time desc LIMIT ?
2020-12-02 18:38:29.666 DEBUG 13628 --- [http-nio-8080-exec-7] com.blog.dao.BlogMapper.listAllBlogs     : ==> Parameters: 6(Integer)
2020-12-02 18:38:29.670 DEBUG 13628 --- [http-nio-8080-exec-7] com.blog.dao.BlogMapper.listAllBlogs     : <==      Total: 6
2020-12-02 18:38:29.672 DEBUG 13628 --- [http-nio-8080-exec-7] c.blog.dao.TypeMapper.listTypeTop_COUNT  : ==>  Preparing: SELECT count(0) FROM (SELECT tt.*, count(tb.id) blogsCount FROM t_type tt JOIN t_blog tb ON tb.type_id = tt.id WHERE tb.published GROUP BY tt.id) table_count
2020-12-02 18:38:29.672 DEBUG 13628 --- [http-nio-8080-exec-7] c.blog.dao.TypeMapper.listTypeTop_COUNT  : ==> Parameters: 
2020-12-02 18:38:29.674 DEBUG 13628 --- [http-nio-8080-exec-7] c.blog.dao.TypeMapper.listTypeTop_COUNT  : <==      Total: 1
2020-12-02 18:38:29.675 DEBUG 13628 --- [http-nio-8080-exec-7] com.blog.dao.TypeMapper.listTypeTop      : ==>  Preparing: SELECT tt.*, count(tb.id) blogsCount FROM t_type tt JOIN t_blog tb ON tb.type_id = tt.id WHERE tb.published GROUP BY tt.id order by blogsCount desc LIMIT ?
2020-12-02 18:38:29.676 DEBUG 13628 --- [http-nio-8080-exec-7] com.blog.dao.TypeMapper.listTypeTop      : ==> Parameters: 6(Integer)
2020-12-02 18:38:29.679 DEBUG 13628 --- [http-nio-8080-exec-7] com.blog.dao.TypeMapper.listTypeTop      : <==      Total: 2
2020-12-02 18:38:29.680 DEBUG 13628 --- [http-nio-8080-exec-7] com.blog.dao.TagMapper.listTagTop_COUNT  : ==>  Preparing: SELECT count(0) FROM (SELECT tt.*, count(tb.id) blogsCount FROM t_tag tt LEFT JOIN t_blog_tags ttt ON ttt.tags_id = tt.id LEFT JOIN t_blog tb ON tb.id = ttt.blogs_id WHERE tb.published GROUP BY tt.id) table_count
2020-12-02 18:38:29.680 DEBUG 13628 --- [http-nio-8080-exec-7] com.blog.dao.TagMapper.listTagTop_COUNT  : ==> Parameters: 
2020-12-02 18:38:29.683 DEBUG 13628 --- [http-nio-8080-exec-7] com.blog.dao.TagMapper.listTagTop_COUNT  : <==      Total: 1
2020-12-02 18:38:29.684 DEBUG 13628 --- [http-nio-8080-exec-7] com.blog.dao.TagMapper.listTagTop        : ==>  Preparing: SELECT tt.*, count(tb.id) blogsCount FROM t_tag tt LEFT JOIN t_blog_tags ttt ON ttt.tags_id = tt.id LEFT JOIN t_blog tb ON tb.id = ttt.blogs_id WHERE tb.published GROUP BY tt.id order by blogsCount desc LIMIT ?
2020-12-02 18:38:29.684 DEBUG 13628 --- [http-nio-8080-exec-7] com.blog.dao.TagMapper.listTagTop        : ==> Parameters: 6(Integer)
2020-12-02 18:38:29.687 DEBUG 13628 --- [http-nio-8080-exec-7] com.blog.dao.TagMapper.listTagTop        : <==      Total: 4
2020-12-02 18:38:29.687 DEBUG 13628 --- [http-nio-8080-exec-7] c.blog.dao.BlogMapper.listBlogTop_COUNT  : ==>  Preparing: SELECT count(0) FROM t_blog WHERE recommend = true
2020-12-02 18:38:29.687 DEBUG 13628 --- [http-nio-8080-exec-7] c.blog.dao.BlogMapper.listBlogTop_COUNT  : ==> Parameters: 
2020-12-02 18:38:29.689 DEBUG 13628 --- [http-nio-8080-exec-7] c.blog.dao.BlogMapper.listBlogTop_COUNT  : <==      Total: 1
2020-12-02 18:38:29.689 DEBUG 13628 --- [http-nio-8080-exec-7] com.blog.dao.BlogMapper.listBlogTop      : ==>  Preparing: SELECT * FROM t_blog WHERE recommend = true order by update_time desc LIMIT ?
2020-12-02 18:38:29.690 DEBUG 13628 --- [http-nio-8080-exec-7] com.blog.dao.BlogMapper.listBlogTop      : ==> Parameters: 8(Integer)
2020-12-02 18:38:29.692 DEBUG 13628 --- [http-nio-8080-exec-7] com.blog.dao.BlogMapper.listBlogTop      : <==      Total: 8
2020-12-02 18:38:29.692  INFO 13628 --- [http-nio-8080-exec-7] com.blog.aspect.LogAspect                : -----------doAfter------------
2020-12-02 18:38:29.692  INFO 13628 --- [http-nio-8080-exec-7] com.blog.aspect.LogAspect                : Result : index
2020-12-02 18:38:29.986  INFO 13628 --- [http-nio-8080-exec-6] com.blog.aspect.LogAspect                : RequestLog{url='/footer/newblog', ip='0:0:0:0:0:0:0:1', classMethod='com.blog.web.IndexController.newblogs', args=[{}]}
2020-12-02 18:38:29.987 DEBUG 13628 --- [http-nio-8080-exec-6] c.blog.dao.BlogMapper.listBlogTop_COUNT  : ==>  Preparing: SELECT count(0) FROM t_blog WHERE recommend = true
2020-12-02 18:38:29.987 DEBUG 13628 --- [http-nio-8080-exec-6] c.blog.dao.BlogMapper.listBlogTop_COUNT  : ==> Parameters: 
2020-12-02 18:38:29.989 DEBUG 13628 --- [http-nio-8080-exec-6] c.blog.dao.BlogMapper.listBlogTop_COUNT  : <==      Total: 1
2020-12-02 18:38:29.990 DEBUG 13628 --- [http-nio-8080-exec-6] com.blog.dao.BlogMapper.listBlogTop      : ==>  Preparing: SELECT * FROM t_blog WHERE recommend = true order by update_time desc LIMIT ?
2020-12-02 18:38:29.990 DEBUG 13628 --- [http-nio-8080-exec-6] com.blog.dao.BlogMapper.listBlogTop      : ==> Parameters: 3(Integer)
2020-12-02 18:38:29.992 DEBUG 13628 --- [http-nio-8080-exec-6] com.blog.dao.BlogMapper.listBlogTop      : <==      Total: 3
2020-12-02 18:38:29.992  INFO 13628 --- [http-nio-8080-exec-6] com.blog.aspect.LogAspect                : -----------doAfter------------
2020-12-02 18:38:29.992  INFO 13628 --- [http-nio-8080-exec-6] com.blog.aspect.LogAspect                : Result : _fragments :: newblogList
2020-12-02 18:38:43.376  INFO 13628 --- [Thread-13] o.s.s.concurrent.ThreadPoolTaskExecutor  : Shutting down ExecutorService 'applicationTaskExecutor'
2020-12-02 18:38:43.377  INFO 13628 --- [Thread-13] j.LocalContainerEntityManagerFactoryBean : Closing JPA EntityManagerFactory for persistence unit 'default'
2020-12-02 18:38:43.379  INFO 13628 --- [Thread-13] com.alibaba.druid.pool.DruidDataSource   : {dataSource-1} closing ...
2020-12-02 18:38:43.386  INFO 13628 --- [Thread-13] com.alibaba.druid.pool.DruidDataSource   : {dataSource-1} closed
2020-12-02 18:38:51.707  INFO 13628 --- [restartedMain] com.blog.BlogApplication                 : Starting BlogApplication on U4VATRFZ7P08M83 with PID 13628 (D:\java project\blog\target\classes started by Administrator in D:\java project\blog)
2020-12-02 18:38:51.749 DEBUG 13628 --- [restartedMain] com.blog.BlogApplication                 : Running with Spring Boot v2.1.17.RELEASE, Spring v5.1.18.RELEASE
2020-12-02 18:38:51.749  INFO 13628 --- [restartedMain] com.blog.BlogApplication                 : The following profiles are active: dev
2020-12-02 18:38:51.954  INFO 13628 --- [restartedMain] .s.d.r.c.RepositoryConfigurationDelegate : Bootstrapping Spring Data JPA repositories in DEFAULT mode.
2020-12-02 18:38:51.955  INFO 13628 --- [restartedMain] .s.d.r.c.RepositoryConfigurationDelegate : Finished Spring Data repository scanning in 1ms. Found 0 JPA repository interfaces.
2020-12-02 18:38:51.979  WARN 13628 --- [restartedMain] o.m.s.mapper.ClassPathMapperScanner      : No MyBatis mapper was found in '[com.blog.dao]' package. Please check your configuration.
2020-12-02 18:38:52.304  INFO 13628 --- [restartedMain] o.s.b.w.embedded.tomcat.TomcatWebServer  : Tomcat initialized with port(s): 8080 (http)
2020-12-02 18:38:52.305  INFO 13628 --- [restartedMain] o.apache.catalina.core.StandardService   : Starting service [Tomcat]
2020-12-02 18:38:52.307  INFO 13628 --- [restartedMain] org.apache.catalina.core.StandardEngine  : Starting Servlet engine: [Apache Tomcat/9.0.38]
2020-12-02 18:38:52.481  INFO 13628 --- [restartedMain] o.a.c.c.C.[Tomcat-1].[localhost].[/]     : Initializing Spring embedded WebApplicationContext
2020-12-02 18:38:52.486  INFO 13628 --- [restartedMain] o.s.web.context.ContextLoader            : Root WebApplicationContext: initialization completed in 735 ms
2020-12-02 18:38:52.534  INFO 13628 --- [restartedMain] c.a.d.s.b.a.DruidDataSourceAutoConfigure : Init DruidDataSource
2020-12-02 18:38:52.572  INFO 13628 --- [restartedMain] com.alibaba.druid.pool.DruidDataSource   : {dataSource-2} inited
2020-12-02 18:38:52.620  INFO 13628 --- [restartedMain] o.hibernate.jpa.internal.util.LogHelper  : HHH000204: Processing PersistenceUnitInfo [
	name: default
	...]
2020-12-02 18:38:52.668  INFO 13628 --- [restartedMain] org.hibernate.dialect.Dialect            : HHH000400: Using dialect: org.hibernate.dialect.MySQL5Dialect
2020-12-02 18:38:52.784  INFO 13628 --- [restartedMain] j.LocalContainerEntityManagerFactoryBean : Initialized JPA EntityManagerFactory for persistence unit 'default'
2020-12-02 18:38:52.798  INFO 13628 --- [restartedMain] o.s.b.d.a.OptionalLiveReloadServer       : LiveReload server is running on port 35729
2020-12-02 18:38:52.869  INFO 13628 --- [restartedMain] o.s.s.concurrent.ThreadPoolTaskExecutor  : Initializing ExecutorService 'applicationTaskExecutor'
2020-12-02 18:38:52.901  INFO 13628 --- [restartedMain] o.s.b.a.w.s.WelcomePageHandlerMapping    : Adding welcome page template: index
2020-12-02 18:38:53.295  INFO 13628 --- [restartedMain] o.s.b.w.embedded.tomcat.TomcatWebServer  : Tomcat started on port(s): 8080 (http) with context path ''
2020-12-02 18:38:53.295  INFO 13628 --- [restartedMain] com.blog.BlogApplication                 : Started BlogApplication in 1.618 seconds (JVM running for 39.39)
2020-12-02 18:38:53.297  INFO 13628 --- [restartedMain] .ConditionEvaluationDeltaLoggingListener : Condition evaluation unchanged
2020-12-02 18:38:55.018  INFO 13628 --- [Thread-25] o.s.s.concurrent.ThreadPoolTaskExecutor  : Shutting down ExecutorService 'applicationTaskExecutor'
2020-12-02 18:38:55.019  INFO 13628 --- [Thread-25] j.LocalContainerEntityManagerFactoryBean : Closing JPA EntityManagerFactory for persistence unit 'default'
2020-12-02 18:38:55.019  INFO 13628 --- [Thread-25] com.alibaba.druid.pool.DruidDataSource   : {dataSource-2} closing ...
2020-12-02 18:38:55.021  INFO 13628 --- [Thread-25] com.alibaba.druid.pool.DruidDataSource   : {dataSource-2} closed
2020-12-02 18:38:56.963  INFO 13628 --- [restartedMain] com.blog.BlogApplication                 : Starting BlogApplication on U4VATRFZ7P08M83 with PID 13628 (D:\java project\blog\target\classes started by Administrator in D:\java project\blog)
2020-12-02 18:38:56.964 DEBUG 13628 --- [restartedMain] com.blog.BlogApplication                 : Running with Spring Boot v2.1.17.RELEASE, Spring v5.1.18.RELEASE
2020-12-02 18:38:56.964  INFO 13628 --- [restartedMain] com.blog.BlogApplication                 : The following profiles are active: dev
2020-12-02 18:38:57.154  INFO 13628 --- [restartedMain] .s.d.r.c.RepositoryConfigurationDelegate : Bootstrapping Spring Data JPA repositories in DEFAULT mode.
2020-12-02 18:38:57.158  INFO 13628 --- [restartedMain] .s.d.r.c.RepositoryConfigurationDelegate : Finished Spring Data repository scanning in 4ms. Found 0 JPA repository interfaces.
2020-12-02 18:39:08.535  INFO 9816 --- [restartedMain] com.blog.BlogApplication                 : Starting BlogApplication on U4VATRFZ7P08M83 with PID 9816 (D:\java project\blog\target\classes started by Administrator in D:\java project\blog)
2020-12-02 18:39:08.537 DEBUG 9816 --- [restartedMain] com.blog.BlogApplication                 : Running with Spring Boot v2.1.17.RELEASE, Spring v5.1.18.RELEASE
2020-12-02 18:39:08.537  INFO 9816 --- [restartedMain] com.blog.BlogApplication                 : The following profiles are active: dev
2020-12-02 18:39:08.594  INFO 9816 --- [restartedMain] .e.DevToolsPropertyDefaultsPostProcessor : Devtools property defaults active! Set 'spring.devtools.add-properties' to 'false' to disable
2020-12-02 18:39:08.594  INFO 9816 --- [restartedMain] .e.DevToolsPropertyDefaultsPostProcessor : For additional web related logging consider setting the 'logging.level.web' property to 'DEBUG'
2020-12-02 18:39:09.496  INFO 9816 --- [restartedMain] .s.d.r.c.RepositoryConfigurationDelegate : Bootstrapping Spring Data JPA repositories in DEFAULT mode.
2020-12-02 18:39:09.515  INFO 9816 --- [restartedMain] .s.d.r.c.RepositoryConfigurationDelegate : Finished Spring Data repository scanning in 13ms. Found 0 JPA repository interfaces.
2020-12-02 18:39:10.201  INFO 9816 --- [restartedMain] o.s.b.w.embedded.tomcat.TomcatWebServer  : Tomcat initialized with port(s): 8080 (http)
2020-12-02 18:39:10.218  INFO 9816 --- [restartedMain] o.apache.catalina.core.StandardService   : Starting service [Tomcat]
2020-12-02 18:39:10.218  INFO 9816 --- [restartedMain] org.apache.catalina.core.StandardEngine  : Starting Servlet engine: [Apache Tomcat/9.0.38]
2020-12-02 18:39:10.349  INFO 9816 --- [restartedMain] o.a.c.c.C.[Tomcat].[localhost].[/]       : Initializing Spring embedded WebApplicationContext
2020-12-02 18:39:10.349  INFO 9816 --- [restartedMain] o.s.web.context.ContextLoader            : Root WebApplicationContext: initialization completed in 1755 ms
2020-12-02 18:39:10.474  INFO 9816 --- [restartedMain] c.a.d.s.b.a.DruidDataSourceAutoConfigure : Init DruidDataSource
2020-12-02 18:39:10.548  INFO 9816 --- [restartedMain] com.alibaba.druid.pool.DruidDataSource   : {dataSource-1} inited
2020-12-02 18:39:10.756  INFO 9816 --- [restartedMain] o.hibernate.jpa.internal.util.LogHelper  : HHH000204: Processing PersistenceUnitInfo [
	name: default
	...]
2020-12-02 18:39:10.800  INFO 9816 --- [restartedMain] org.hibernate.Version                    : HHH000412: Hibernate Core {5.3.17.Final}
2020-12-02 18:39:10.801  INFO 9816 --- [restartedMain] org.hibernate.cfg.Environment            : HHH000206: hibernate.properties not found
2020-12-02 18:39:10.889  INFO 9816 --- [restartedMain] o.hibernate.annotations.common.Version   : HCANN000001: Hibernate Commons Annotations {5.0.4.Final}
2020-12-02 18:39:11.006  INFO 9816 --- [restartedMain] org.hibernate.dialect.Dialect            : HHH000400: Using dialect: org.hibernate.dialect.MySQL5Dialect
2020-12-02 18:39:12.021  INFO 9816 --- [restartedMain] j.LocalContainerEntityManagerFactoryBean : Initialized JPA EntityManagerFactory for persistence unit 'default'
2020-12-02 18:39:12.100  INFO 9816 --- [restartedMain] o.s.b.d.a.OptionalLiveReloadServer       : LiveReload server is running on port 35729
2020-12-02 18:39:12.718  INFO 9816 --- [restartedMain] o.s.s.concurrent.ThreadPoolTaskExecutor  : Initializing ExecutorService 'applicationTaskExecutor'
2020-12-02 18:39:12.804  INFO 9816 --- [restartedMain] o.s.b.a.w.s.WelcomePageHandlerMapping    : Adding welcome page template: index
2020-12-02 18:39:13.168  INFO 9816 --- [restartedMain] o.s.b.w.embedded.tomcat.TomcatWebServer  : Tomcat started on port(s): 8080 (http) with context path ''
2020-12-02 18:39:13.171  INFO 9816 --- [restartedMain] com.blog.BlogApplication                 : Started BlogApplication in 5.052 seconds (JVM running for 8.011)
2020-12-02 18:39:13.313  INFO 9816 --- [http-nio-8080-exec-1] o.apache.tomcat.util.http.parser.Cookie  : A cookie header was received [1606896857,1606905449; Hm_lpvt_eaa57ca47dacb4ad4f5a257001a3457c=1606905516] that contained an invalid cookie. That cookie will be ignored.
 Note: further occurrences of this error will be logged at DEBUG level.
2020-12-02 18:39:13.318  INFO 9816 --- [http-nio-8080-exec-1] o.a.c.c.C.[Tomcat].[localhost].[/]       : Initializing Spring DispatcherServlet 'dispatcherServlet'
2020-12-02 18:39:13.318  INFO 9816 --- [http-nio-8080-exec-1] o.s.web.servlet.DispatcherServlet        : Initializing Servlet 'dispatcherServlet'
2020-12-02 18:39:13.327  INFO 9816 --- [http-nio-8080-exec-1] o.s.web.servlet.DispatcherServlet        : Completed initialization in 9 ms
2020-12-02 18:39:13.351  INFO 9816 --- [http-nio-8080-exec-1] com.blog.aspect.LogAspect                : RequestLog{url='/', ip='0:0:0:0:0:0:0:1', classMethod='com.blog.web.IndexController.index', args=[1, 6, {}]}
2020-12-02 18:39:13.390 DEBUG 9816 --- [http-nio-8080-exec-1] c.b.dao.BlogMapper.listAllBlogs_COUNT    : ==>  Preparing: SELECT count(0) FROM t_blog tb LEFT JOIN t_type tt ON tb.type_id = tt.id LEFT JOIN t_user tu ON tb.user_id = tu.id
2020-12-02 18:39:13.405 DEBUG 9816 --- [http-nio-8080-exec-1] c.b.dao.BlogMapper.listAllBlogs_COUNT    : ==> Parameters: 
2020-12-02 18:39:13.418 DEBUG 9816 --- [http-nio-8080-exec-1] c.b.dao.BlogMapper.listAllBlogs_COUNT    : <==      Total: 1
2020-12-02 18:39:13.421 DEBUG 9816 --- [http-nio-8080-exec-1] com.blog.dao.BlogMapper.listAllBlogs     : ==>  Preparing: SELECT tb.id blogId, tb.title, tb.flag, tb.content, tb.first_picture, tb.description, tb.update_time, tb.create_time, tb.appreciation, tb.commentable, tb.recommend, tb.published, tb.share_statement, tb.views, tt.id typeId, tt.name typename, tu.id userId, tu.nickname, tu.avatar FROM t_blog tb LEFT JOIN t_type tt ON tb.type_id = tt.id LEFT JOIN t_user tu ON tb.user_id = tu.id order by tb.update_time desc LIMIT ?
2020-12-02 18:39:13.422 DEBUG 9816 --- [http-nio-8080-exec-1] com.blog.dao.BlogMapper.listAllBlogs     : ==> Parameters: 6(Integer)
2020-12-02 18:39:13.431 DEBUG 9816 --- [http-nio-8080-exec-1] com.blog.dao.BlogMapper.listAllBlogs     : <==      Total: 6
2020-12-02 18:39:13.437 DEBUG 9816 --- [http-nio-8080-exec-1] c.blog.dao.TypeMapper.listTypeTop_COUNT  : ==>  Preparing: SELECT count(0) FROM (SELECT tt.*, count(tb.id) blogsCount FROM t_type tt JOIN t_blog tb ON tb.type_id = tt.id WHERE tb.published GROUP BY tt.id) table_count
2020-12-02 18:39:13.438 DEBUG 9816 --- [http-nio-8080-exec-1] c.blog.dao.TypeMapper.listTypeTop_COUNT  : ==> Parameters: 
2020-12-02 18:39:13.443 DEBUG 9816 --- [http-nio-8080-exec-1] c.blog.dao.TypeMapper.listTypeTop_COUNT  : <==      Total: 1
2020-12-02 18:39:13.444 DEBUG 9816 --- [http-nio-8080-exec-1] com.blog.dao.TypeMapper.listTypeTop      : ==>  Preparing: SELECT tt.*, count(tb.id) blogsCount FROM t_type tt JOIN t_blog tb ON tb.type_id = tt.id WHERE tb.published GROUP BY tt.id order by blogsCount desc LIMIT ?
2020-12-02 18:39:13.444 DEBUG 9816 --- [http-nio-8080-exec-1] com.blog.dao.TypeMapper.listTypeTop      : ==> Parameters: 6(Integer)
2020-12-02 18:39:13.450 DEBUG 9816 --- [http-nio-8080-exec-1] com.blog.dao.TypeMapper.listTypeTop      : <==      Total: 2
2020-12-02 18:39:13.454 DEBUG 9816 --- [http-nio-8080-exec-1] com.blog.dao.TagMapper.listTagTop_COUNT  : ==>  Preparing: SELECT count(0) FROM (SELECT tt.*, count(tb.id) blogsCount FROM t_tag tt LEFT JOIN t_blog_tags ttt ON ttt.tags_id = tt.id LEFT JOIN t_blog tb ON tb.id = ttt.blogs_id WHERE tb.published GROUP BY tt.id) table_count
2020-12-02 18:39:13.454 DEBUG 9816 --- [http-nio-8080-exec-1] com.blog.dao.TagMapper.listTagTop_COUNT  : ==> Parameters: 
2020-12-02 18:39:13.464 DEBUG 9816 --- [http-nio-8080-exec-1] com.blog.dao.TagMapper.listTagTop_COUNT  : <==      Total: 1
2020-12-02 18:39:13.466 DEBUG 9816 --- [http-nio-8080-exec-1] com.blog.dao.TagMapper.listTagTop        : ==>  Preparing: SELECT tt.*, count(tb.id) blogsCount FROM t_tag tt LEFT JOIN t_blog_tags ttt ON ttt.tags_id = tt.id LEFT JOIN t_blog tb ON tb.id = ttt.blogs_id WHERE tb.published GROUP BY tt.id order by blogsCount desc LIMIT ?
2020-12-02 18:39:13.467 DEBUG 9816 --- [http-nio-8080-exec-1] com.blog.dao.TagMapper.listTagTop        : ==> Parameters: 6(Integer)
2020-12-02 18:39:13.474 DEBUG 9816 --- [http-nio-8080-exec-1] com.blog.dao.TagMapper.listTagTop        : <==      Total: 4
2020-12-02 18:39:13.475 DEBUG 9816 --- [http-nio-8080-exec-1] c.blog.dao.BlogMapper.listBlogTop_COUNT  : ==>  Preparing: SELECT count(0) FROM t_blog WHERE recommend = true
2020-12-02 18:39:13.475 DEBUG 9816 --- [http-nio-8080-exec-1] c.blog.dao.BlogMapper.listBlogTop_COUNT  : ==> Parameters: 
2020-12-02 18:39:13.481 DEBUG 9816 --- [http-nio-8080-exec-1] c.blog.dao.BlogMapper.listBlogTop_COUNT  : <==      Total: 1
2020-12-02 18:39:13.483 DEBUG 9816 --- [http-nio-8080-exec-1] com.blog.dao.BlogMapper.listBlogTop      : ==>  Preparing: SELECT * FROM t_blog WHERE recommend = true order by update_time desc LIMIT ?
2020-12-02 18:39:13.483 DEBUG 9816 --- [http-nio-8080-exec-1] com.blog.dao.BlogMapper.listBlogTop      : ==> Parameters: 8(Integer)
2020-12-02 18:39:13.491 DEBUG 9816 --- [http-nio-8080-exec-1] com.blog.dao.BlogMapper.listBlogTop      : <==      Total: 8
2020-12-02 18:39:13.491  INFO 9816 --- [http-nio-8080-exec-1] com.blog.aspect.LogAspect                : -----------doAfter------------
2020-12-02 18:39:13.491  INFO 9816 --- [http-nio-8080-exec-1] com.blog.aspect.LogAspect                : Result : index
2020-12-02 18:39:14.145  INFO 9816 --- [http-nio-8080-exec-4] com.blog.aspect.LogAspect                : RequestLog{url='/footer/newblog', ip='0:0:0:0:0:0:0:1', classMethod='com.blog.web.IndexController.newblogs', args=[{}]}
2020-12-02 18:39:14.146 DEBUG 9816 --- [http-nio-8080-exec-4] c.blog.dao.BlogMapper.listBlogTop_COUNT  : ==>  Preparing: SELECT count(0) FROM t_blog WHERE recommend = true
2020-12-02 18:39:14.146 DEBUG 9816 --- [http-nio-8080-exec-4] c.blog.dao.BlogMapper.listBlogTop_COUNT  : ==> Parameters: 
2020-12-02 18:39:14.150 DEBUG 9816 --- [http-nio-8080-exec-4] c.blog.dao.BlogMapper.listBlogTop_COUNT  : <==      Total: 1
2020-12-02 18:39:14.151 DEBUG 9816 --- [http-nio-8080-exec-4] com.blog.dao.BlogMapper.listBlogTop      : ==>  Preparing: SELECT * FROM t_blog WHERE recommend = true order by update_time desc LIMIT ?
2020-12-02 18:39:14.151 DEBUG 9816 --- [http-nio-8080-exec-4] com.blog.dao.BlogMapper.listBlogTop      : ==> Parameters: 3(Integer)
2020-12-02 18:39:14.157 DEBUG 9816 --- [http-nio-8080-exec-4] com.blog.dao.BlogMapper.listBlogTop      : <==      Total: 3
2020-12-02 18:39:14.157  INFO 9816 --- [http-nio-8080-exec-4] com.blog.aspect.LogAspect                : -----------doAfter------------
2020-12-02 18:39:14.157  INFO 9816 --- [http-nio-8080-exec-4] com.blog.aspect.LogAspect                : Result : _fragments :: newblogList
2020-12-02 18:39:16.646  INFO 9816 --- [http-nio-8080-exec-6] com.blog.aspect.LogAspect                : RequestLog{url='/types/-1', ip='0:0:0:0:0:0:0:1', classMethod='com.blog.web.TypeShowController.types', args=[1, 3, -1, {}]}
2020-12-02 18:39:16.653 DEBUG 9816 --- [http-nio-8080-exec-6] c.blog.dao.TypeMapper.listTypeTop_COUNT  : ==>  Preparing: SELECT count(0) FROM (SELECT tt.*, count(tb.id) blogsCount FROM t_type tt JOIN t_blog tb ON tb.type_id = tt.id WHERE tb.published GROUP BY tt.id) table_count
2020-12-02 18:39:16.653 DEBUG 9816 --- [http-nio-8080-exec-6] c.blog.dao.TypeMapper.listTypeTop_COUNT  : ==> Parameters: 
2020-12-02 18:39:16.656 DEBUG 9816 --- [http-nio-8080-exec-6] c.blog.dao.TypeMapper.listTypeTop_COUNT  : <==      Total: 1
2020-12-02 18:39:16.657 DEBUG 9816 --- [http-nio-8080-exec-6] com.blog.dao.TypeMapper.listTypeTop      : ==>  Preparing: SELECT tt.*, count(tb.id) blogsCount FROM t_type tt JOIN t_blog tb ON tb.type_id = tt.id WHERE tb.published GROUP BY tt.id order by blogsCount desc LIMIT ?
2020-12-02 18:39:16.657 DEBUG 9816 --- [http-nio-8080-exec-6] com.blog.dao.TypeMapper.listTypeTop      : ==> Parameters: 100(Integer)
2020-12-02 18:39:16.660 DEBUG 9816 --- [http-nio-8080-exec-6] com.blog.dao.TypeMapper.listTypeTop      : <==      Total: 2
2020-12-02 18:39:16.662 DEBUG 9816 --- [http-nio-8080-exec-6] c.b.d.BlogMapper.listBlogByTypeId_COUNT  : ==>  Preparing: SELECT count(0) FROM t_blog tb LEFT JOIN t_type tt ON tb.type_id = tt.id LEFT JOIN t_user tu ON tb.user_id = tu.id WHERE tt.id = ?
2020-12-02 18:39:16.663 DEBUG 9816 --- [http-nio-8080-exec-6] c.b.d.BlogMapper.listBlogByTypeId_COUNT  : ==> Parameters: 1(Long)
2020-12-02 18:39:16.667 DEBUG 9816 --- [http-nio-8080-exec-6] c.b.d.BlogMapper.listBlogByTypeId_COUNT  : <==      Total: 1
2020-12-02 18:39:16.669 DEBUG 9816 --- [http-nio-8080-exec-6] c.blog.dao.BlogMapper.listBlogByTypeId   : ==>  Preparing: SELECT tb.id blogId, tb.title, tb.flag, tb.content, tb.first_picture, tb.description, tb.update_time, tb.create_time, tb.appreciation, tb.commentable, tb.recommend, tb.published, tb.share_statement, tb.views, tt.id typeId, tt.name typename, tu.id userId, tu.username, tu.nickname, tu.avatar FROM t_blog tb LEFT JOIN t_type tt ON tb.type_id = tt.id LEFT JOIN t_user tu ON tb.user_id = tu.id WHERE tt.id = ? order by update_time desc LIMIT ?
2020-12-02 18:39:16.670 DEBUG 9816 --- [http-nio-8080-exec-6] c.blog.dao.BlogMapper.listBlogByTypeId   : ==> Parameters: 1(Long), 3(Integer)
2020-12-02 18:39:16.674 DEBUG 9816 --- [http-nio-8080-exec-6] c.blog.dao.BlogMapper.listBlogByTypeId   : <==      Total: 3
2020-12-02 18:39:16.674  INFO 9816 --- [http-nio-8080-exec-6] com.blog.aspect.LogAspect                : -----------doAfter------------
2020-12-02 18:39:16.674  INFO 9816 --- [http-nio-8080-exec-6] com.blog.aspect.LogAspect                : Result : types
2020-12-02 18:39:17.075  INFO 9816 --- [http-nio-8080-exec-9] com.blog.aspect.LogAspect                : RequestLog{url='/footer/newblog', ip='0:0:0:0:0:0:0:1', classMethod='com.blog.web.IndexController.newblogs', args=[{}]}
2020-12-02 18:39:17.076 DEBUG 9816 --- [http-nio-8080-exec-9] c.blog.dao.BlogMapper.listBlogTop_COUNT  : ==>  Preparing: SELECT count(0) FROM t_blog WHERE recommend = true
2020-12-02 18:39:17.076 DEBUG 9816 --- [http-nio-8080-exec-9] c.blog.dao.BlogMapper.listBlogTop_COUNT  : ==> Parameters: 
2020-12-02 18:39:17.081 DEBUG 9816 --- [http-nio-8080-exec-9] c.blog.dao.BlogMapper.listBlogTop_COUNT  : <==      Total: 1
2020-12-02 18:39:17.084 DEBUG 9816 --- [http-nio-8080-exec-9] com.blog.dao.BlogMapper.listBlogTop      : ==>  Preparing: SELECT * FROM t_blog WHERE recommend = true order by update_time desc LIMIT ?
2020-12-02 18:39:17.085 DEBUG 9816 --- [http-nio-8080-exec-9] com.blog.dao.BlogMapper.listBlogTop      : ==> Parameters: 3(Integer)
2020-12-02 18:39:17.089 DEBUG 9816 --- [http-nio-8080-exec-9] com.blog.dao.BlogMapper.listBlogTop      : <==      Total: 3
2020-12-02 18:39:17.090  INFO 9816 --- [http-nio-8080-exec-9] com.blog.aspect.LogAspect                : -----------doAfter------------
2020-12-02 18:39:17.090  INFO 9816 --- [http-nio-8080-exec-9] com.blog.aspect.LogAspect                : Result : _fragments :: newblogList
2020-12-02 18:39:18.791  INFO 9816 --- [http-nio-8080-exec-5] com.blog.aspect.LogAspect                : RequestLog{url='/tags/-1', ip='0:0:0:0:0:0:0:1', classMethod='com.blog.web.TagShowController.tags', args=[1, 3, -1, {}]}
2020-12-02 18:39:18.794 DEBUG 9816 --- [http-nio-8080-exec-5] com.blog.dao.TagMapper.listTagTop_COUNT  : ==>  Preparing: SELECT count(0) FROM (SELECT tt.*, count(tb.id) blogsCount FROM t_tag tt LEFT JOIN t_blog_tags ttt ON ttt.tags_id = tt.id LEFT JOIN t_blog tb ON tb.id = ttt.blogs_id WHERE tb.published GROUP BY tt.id) table_count
2020-12-02 18:39:18.794 DEBUG 9816 --- [http-nio-8080-exec-5] com.blog.dao.TagMapper.listTagTop_COUNT  : ==> Parameters: 
2020-12-02 18:39:18.799 DEBUG 9816 --- [http-nio-8080-exec-5] com.blog.dao.TagMapper.listTagTop_COUNT  : <==      Total: 1
2020-12-02 18:39:18.801 DEBUG 9816 --- [http-nio-8080-exec-5] com.blog.dao.TagMapper.listTagTop        : ==>  Preparing: SELECT tt.*, count(tb.id) blogsCount FROM t_tag tt LEFT JOIN t_blog_tags ttt ON ttt.tags_id = tt.id LEFT JOIN t_blog tb ON tb.id = ttt.blogs_id WHERE tb.published GROUP BY tt.id order by blogsCount desc LIMIT ?
2020-12-02 18:39:18.801 DEBUG 9816 --- [http-nio-8080-exec-5] com.blog.dao.TagMapper.listTagTop        : ==> Parameters: 100(Integer)
2020-12-02 18:39:18.804 DEBUG 9816 --- [http-nio-8080-exec-5] com.blog.dao.TagMapper.listTagTop        : <==      Total: 4
2020-12-02 18:39:18.806 DEBUG 9816 --- [http-nio-8080-exec-5] c.b.d.BlogMapper.listBlogByTagId_COUNT   : ==>  Preparing: SELECT count(0) FROM t_blog tb LEFT JOIN t_type tt ON tb.type_id = tt.id LEFT JOIN t_user tu ON tb.user_id = tu.id LEFT JOIN t_blog_tags tbt ON tbt.blogs_id = tb.id LEFT JOIN t_tag ttg ON ttg.id = tbt.tags_id WHERE ttg.id = ?
2020-12-02 18:39:18.806 DEBUG 9816 --- [http-nio-8080-exec-5] c.b.d.BlogMapper.listBlogByTagId_COUNT   : ==> Parameters: 2(Long)
2020-12-02 18:39:18.809 DEBUG 9816 --- [http-nio-8080-exec-5] c.b.d.BlogMapper.listBlogByTagId_COUNT   : <==      Total: 1
2020-12-02 18:39:18.811 DEBUG 9816 --- [http-nio-8080-exec-5] com.blog.dao.BlogMapper.listBlogByTagId  : ==>  Preparing: SELECT tb.id blogId, tb.title, tb.flag, tb.content, tb.first_picture, tb.description, tb.update_time, tb.create_time, tb.appreciation, tb.commentable, tb.recommend, tb.published, tb.share_statement, tb.views, tt.id typeId, tt.name typename, ttg.id tagId, ttg.name tagname, tu.id userId, tu.username, tu.nickname, tu.avatar FROM t_blog tb LEFT JOIN t_type tt ON tb.type_id = tt.id LEFT JOIN t_user tu ON tb.user_id = tu.id LEFT JOIN t_blog_tags tbt ON tbt.blogs_id = tb.id LEFT JOIN t_tag ttg ON ttg.id = tbt.tags_id WHERE ttg.id = ? order by update_time desc LIMIT ?
2020-12-02 18:39:18.811 DEBUG 9816 --- [http-nio-8080-exec-5] com.blog.dao.BlogMapper.listBlogByTagId  : ==> Parameters: 2(Long), 3(Integer)
2020-12-02 18:39:18.827 DEBUG 9816 --- [http-nio-8080-exec-5] com.blog.dao.BlogMapper.listBlogByTagId  : <==      Total: 3
2020-12-02 18:39:18.828 DEBUG 9816 --- [http-nio-8080-exec-5] com.blog.dao.TagMapper.listTagByBlog     : ==>  Preparing: SELECT tt.* FROM t_tag tt JOIN t_blog_tags ttt ON ttt.tags_id=tt.id JOIN t_blog tb ON tb.id=ttt.blogs_id WHERE tb.id=?
2020-12-02 18:39:18.829 DEBUG 9816 --- [http-nio-8080-exec-5] com.blog.dao.TagMapper.listTagByBlog     : ==> Parameters: 11(Long)
2020-12-02 18:39:18.832 DEBUG 9816 --- [http-nio-8080-exec-5] com.blog.dao.TagMapper.listTagByBlog     : <==      Total: 2
2020-12-02 18:39:18.833 DEBUG 9816 --- [http-nio-8080-exec-5] com.blog.dao.TagMapper.listTagByBlog     : ==>  Preparing: SELECT tt.* FROM t_tag tt JOIN t_blog_tags ttt ON ttt.tags_id=tt.id JOIN t_blog tb ON tb.id=ttt.blogs_id WHERE tb.id=?
2020-12-02 18:39:18.833 DEBUG 9816 --- [http-nio-8080-exec-5] com.blog.dao.TagMapper.listTagByBlog     : ==> Parameters: 8(Long)
2020-12-02 18:39:18.836 DEBUG 9816 --- [http-nio-8080-exec-5] com.blog.dao.TagMapper.listTagByBlog     : <==      Total: 2
2020-12-02 18:39:18.837 DEBUG 9816 --- [http-nio-8080-exec-5] com.blog.dao.TagMapper.listTagByBlog     : ==>  Preparing: SELECT tt.* FROM t_tag tt JOIN t_blog_tags ttt ON ttt.tags_id=tt.id JOIN t_blog tb ON tb.id=ttt.blogs_id WHERE tb.id=?
2020-12-02 18:39:18.837 DEBUG 9816 --- [http-nio-8080-exec-5] com.blog.dao.TagMapper.listTagByBlog     : ==> Parameters: 2(Long)
2020-12-02 18:39:18.840 DEBUG 9816 --- [http-nio-8080-exec-5] com.blog.dao.TagMapper.listTagByBlog     : <==      Total: 1
2020-12-02 18:39:18.841  INFO 9816 --- [http-nio-8080-exec-5] com.blog.aspect.LogAspect                : -----------doAfter------------
2020-12-02 18:39:18.841  INFO 9816 --- [http-nio-8080-exec-5] com.blog.aspect.LogAspect                : Result : tags
2020-12-02 18:39:19.229  INFO 9816 --- [http-nio-8080-exec-8] com.blog.aspect.LogAspect                : RequestLog{url='/footer/newblog', ip='0:0:0:0:0:0:0:1', classMethod='com.blog.web.IndexController.newblogs', args=[{}]}
2020-12-02 18:39:19.230 DEBUG 9816 --- [http-nio-8080-exec-8] c.blog.dao.BlogMapper.listBlogTop_COUNT  : ==>  Preparing: SELECT count(0) FROM t_blog WHERE recommend = true
2020-12-02 18:39:19.230 DEBUG 9816 --- [http-nio-8080-exec-8] c.blog.dao.BlogMapper.listBlogTop_COUNT  : ==> Parameters: 
2020-12-02 18:39:19.233 DEBUG 9816 --- [http-nio-8080-exec-8] c.blog.dao.BlogMapper.listBlogTop_COUNT  : <==      Total: 1
2020-12-02 18:39:19.235 DEBUG 9816 --- [http-nio-8080-exec-8] com.blog.dao.BlogMapper.listBlogTop      : ==>  Preparing: SELECT * FROM t_blog WHERE recommend = true order by update_time desc LIMIT ?
2020-12-02 18:39:19.235 DEBUG 9816 --- [http-nio-8080-exec-8] com.blog.dao.BlogMapper.listBlogTop      : ==> Parameters: 3(Integer)
2020-12-02 18:39:19.240 DEBUG 9816 --- [http-nio-8080-exec-8] com.blog.dao.BlogMapper.listBlogTop      : <==      Total: 3
2020-12-02 18:39:19.240  INFO 9816 --- [http-nio-8080-exec-8] com.blog.aspect.LogAspect                : -----------doAfter------------
2020-12-02 18:39:19.240  INFO 9816 --- [http-nio-8080-exec-8] com.blog.aspect.LogAspect                : Result : _fragments :: newblogList
2020-12-02 18:39:19.912  INFO 9816 --- [http-nio-8080-exec-9] com.blog.aspect.LogAspect                : RequestLog{url='/', ip='0:0:0:0:0:0:0:1', classMethod='com.blog.web.IndexController.index', args=[1, 6, {}]}
2020-12-02 18:39:19.913 DEBUG 9816 --- [http-nio-8080-exec-9] c.b.dao.BlogMapper.listAllBlogs_COUNT    : ==>  Preparing: SELECT count(0) FROM t_blog tb LEFT JOIN t_type tt ON tb.type_id = tt.id LEFT JOIN t_user tu ON tb.user_id = tu.id
2020-12-02 18:39:19.914 DEBUG 9816 --- [http-nio-8080-exec-9] c.b.dao.BlogMapper.listAllBlogs_COUNT    : ==> Parameters: 
2020-12-02 18:39:19.918 DEBUG 9816 --- [http-nio-8080-exec-9] c.b.dao.BlogMapper.listAllBlogs_COUNT    : <==      Total: 1
2020-12-02 18:39:19.919 DEBUG 9816 --- [http-nio-8080-exec-9] com.blog.dao.BlogMapper.listAllBlogs     : ==>  Preparing: SELECT tb.id blogId, tb.title, tb.flag, tb.content, tb.first_picture, tb.description, tb.update_time, tb.create_time, tb.appreciation, tb.commentable, tb.recommend, tb.published, tb.share_statement, tb.views, tt.id typeId, tt.name typename, tu.id userId, tu.nickname, tu.avatar FROM t_blog tb LEFT JOIN t_type tt ON tb.type_id = tt.id LEFT JOIN t_user tu ON tb.user_id = tu.id order by tb.update_time desc LIMIT ?
2020-12-02 18:39:19.919 DEBUG 9816 --- [http-nio-8080-exec-9] com.blog.dao.BlogMapper.listAllBlogs     : ==> Parameters: 6(Integer)
2020-12-02 18:39:19.924 DEBUG 9816 --- [http-nio-8080-exec-9] com.blog.dao.BlogMapper.listAllBlogs     : <==      Total: 6
2020-12-02 18:39:19.925 DEBUG 9816 --- [http-nio-8080-exec-9] c.blog.dao.TypeMapper.listTypeTop_COUNT  : ==>  Preparing: SELECT count(0) FROM (SELECT tt.*, count(tb.id) blogsCount FROM t_type tt JOIN t_blog tb ON tb.type_id = tt.id WHERE tb.published GROUP BY tt.id) table_count
2020-12-02 18:39:19.925 DEBUG 9816 --- [http-nio-8080-exec-9] c.blog.dao.TypeMapper.listTypeTop_COUNT  : ==> Parameters: 
2020-12-02 18:39:19.928 DEBUG 9816 --- [http-nio-8080-exec-9] c.blog.dao.TypeMapper.listTypeTop_COUNT  : <==      Total: 1
2020-12-02 18:39:19.929 DEBUG 9816 --- [http-nio-8080-exec-9] com.blog.dao.TypeMapper.listTypeTop      : ==>  Preparing: SELECT tt.*, count(tb.id) blogsCount FROM t_type tt JOIN t_blog tb ON tb.type_id = tt.id WHERE tb.published GROUP BY tt.id order by blogsCount desc LIMIT ?
2020-12-02 18:39:19.929 DEBUG 9816 --- [http-nio-8080-exec-9] com.blog.dao.TypeMapper.listTypeTop      : ==> Parameters: 6(Integer)
2020-12-02 18:39:19.932 DEBUG 9816 --- [http-nio-8080-exec-9] com.blog.dao.TypeMapper.listTypeTop      : <==      Total: 2
2020-12-02 18:39:19.933 DEBUG 9816 --- [http-nio-8080-exec-9] com.blog.dao.TagMapper.listTagTop_COUNT  : ==>  Preparing: SELECT count(0) FROM (SELECT tt.*, count(tb.id) blogsCount FROM t_tag tt LEFT JOIN t_blog_tags ttt ON ttt.tags_id = tt.id LEFT JOIN t_blog tb ON tb.id = ttt.blogs_id WHERE tb.published GROUP BY tt.id) table_count
2020-12-02 18:39:19.933 DEBUG 9816 --- [http-nio-8080-exec-9] com.blog.dao.TagMapper.listTagTop_COUNT  : ==> Parameters: 
2020-12-02 18:39:19.936 DEBUG 9816 --- [http-nio-8080-exec-9] com.blog.dao.TagMapper.listTagTop_COUNT  : <==      Total: 1
2020-12-02 18:39:19.937 DEBUG 9816 --- [http-nio-8080-exec-9] com.blog.dao.TagMapper.listTagTop        : ==>  Preparing: SELECT tt.*, count(tb.id) blogsCount FROM t_tag tt LEFT JOIN t_blog_tags ttt ON ttt.tags_id = tt.id LEFT JOIN t_blog tb ON tb.id = ttt.blogs_id WHERE tb.published GROUP BY tt.id order by blogsCount desc LIMIT ?
2020-12-02 18:39:19.937 DEBUG 9816 --- [http-nio-8080-exec-9] com.blog.dao.TagMapper.listTagTop        : ==> Parameters: 6(Integer)
2020-12-02 18:39:19.940 DEBUG 9816 --- [http-nio-8080-exec-9] com.blog.dao.TagMapper.listTagTop        : <==      Total: 4
2020-12-02 18:39:19.940 DEBUG 9816 --- [http-nio-8080-exec-9] c.blog.dao.BlogMapper.listBlogTop_COUNT  : ==>  Preparing: SELECT count(0) FROM t_blog WHERE recommend = true
2020-12-02 18:39:19.941 DEBUG 9816 --- [http-nio-8080-exec-9] c.blog.dao.BlogMapper.listBlogTop_COUNT  : ==> Parameters: 
2020-12-02 18:39:19.943 DEBUG 9816 --- [http-nio-8080-exec-9] c.blog.dao.BlogMapper.listBlogTop_COUNT  : <==      Total: 1
2020-12-02 18:39:19.943 DEBUG 9816 --- [http-nio-8080-exec-9] com.blog.dao.BlogMapper.listBlogTop      : ==>  Preparing: SELECT * FROM t_blog WHERE recommend = true order by update_time desc LIMIT ?
2020-12-02 18:39:19.944 DEBUG 9816 --- [http-nio-8080-exec-9] com.blog.dao.BlogMapper.listBlogTop      : ==> Parameters: 8(Integer)
2020-12-02 18:39:19.947 DEBUG 9816 --- [http-nio-8080-exec-9] com.blog.dao.BlogMapper.listBlogTop      : <==      Total: 8
2020-12-02 18:39:19.947  INFO 9816 --- [http-nio-8080-exec-9] com.blog.aspect.LogAspect                : -----------doAfter------------
2020-12-02 18:39:19.947  INFO 9816 --- [http-nio-8080-exec-9] com.blog.aspect.LogAspect                : Result : index
2020-12-02 18:39:20.292  INFO 9816 --- [http-nio-8080-exec-1] com.blog.aspect.LogAspect                : RequestLog{url='/footer/newblog', ip='127.0.0.1', classMethod='com.blog.web.IndexController.newblogs', args=[{}]}
2020-12-02 18:39:20.293 DEBUG 9816 --- [http-nio-8080-exec-1] c.blog.dao.BlogMapper.listBlogTop_COUNT  : ==>  Preparing: SELECT count(0) FROM t_blog WHERE recommend = true
2020-12-02 18:39:20.293 DEBUG 9816 --- [http-nio-8080-exec-1] c.blog.dao.BlogMapper.listBlogTop_COUNT  : ==> Parameters: 
2020-12-02 18:39:20.296 DEBUG 9816 --- [http-nio-8080-exec-1] c.blog.dao.BlogMapper.listBlogTop_COUNT  : <==      Total: 1
2020-12-02 18:39:20.297 DEBUG 9816 --- [http-nio-8080-exec-1] com.blog.dao.BlogMapper.listBlogTop      : ==>  Preparing: SELECT * FROM t_blog WHERE recommend = true order by update_time desc LIMIT ?
2020-12-02 18:39:20.298 DEBUG 9816 --- [http-nio-8080-exec-1] com.blog.dao.BlogMapper.listBlogTop      : ==> Parameters: 3(Integer)
2020-12-02 18:39:20.301 DEBUG 9816 --- [http-nio-8080-exec-1] com.blog.dao.BlogMapper.listBlogTop      : <==      Total: 3
2020-12-02 18:39:20.301  INFO 9816 --- [http-nio-8080-exec-1] com.blog.aspect.LogAspect                : -----------doAfter------------
2020-12-02 18:39:20.301  INFO 9816 --- [http-nio-8080-exec-1] com.blog.aspect.LogAspect                : Result : _fragments :: newblogList
